 :: 12/12/18 23:26:00
Step1 connectlog
----------------------
 :: 12/12/18 23:26:00
Step2 Data Source
----------------------
 :: 12/12/18 23:26:11
Step1 connectlog
----------------------
 :: 12/12/18 23:26:11
Step2 Data Source
----------------------
 :: 12/12/18 23:27:41
Step1 connectlog
----------------------
 :: 12/12/18 23:27:41
Step2 Data Source
----------------------
 :: 12/12/18 23:27:54
Step1 connectlog
----------------------
 :: 12/12/18 23:27:54
Step2 Data Source
----------------------
 :: 12/12/18 23:28:15
Step1 connectlog
----------------------
 :: 12/12/18 23:28:15
Step2 Data Source
----------------------
 :: 12/12/18 23:28:37
Step1 connectlog
----------------------
 :: 12/12/18 23:28:37
Step2 Data Source
----------------------
 :: 12/12/18 23:35:30
Step1 connectlog
----------------------
 :: 12/12/18 23:35:30
Step2 Data Source
----------------------
 :: 12/12/18 23:36:45
Step1 connectlog
----------------------
 :: 12/12/18 23:36:45
Step2 Data Source
----------------------
 :: 12/12/18 23:41:45
Step1 connectlog
----------------------
 :: 12/12/18 23:41:45
Step2 Data Source
----------------------
 :: 13/12/18 09:39:00
Step1 connectlog
----------------------
 :: 13/12/18 09:39:00
Step2 Data Source
----------------------
 :: 13/12/18 09:39:26
Step1 connectlog
----------------------
 :: 13/12/18 09:39:26
Step2 Data Source
----------------------
ADMIN :: 13/12/18 09:41:12
Capturing Database File Error
Please Retry
'D:\Attendance_Software\ZKTime5.0\att2000.mdb' is not a valid path.  Make sure that the path name is spelled correctly and that you are connected to the server on which the file resides.:0
----------------------
ADMIN :: 13/12/18 09:42:06
Capturing Database File Error
Please Retry
'D:\Attendance_Software\ZKTime5.0\att2000.mdb' is not a valid path.  Make sure that the path name is spelled correctly and that you are connected to the server on which the file resides.:0
----------------------
 :: 15/12/18 12:53:56
Step1 connectlog
----------------------
 :: 15/12/18 12:53:56
Step2 Data Source
----------------------
 :: 15/12/18 12:55:55
Step1 connectlog
----------------------
 :: 15/12/18 12:55:55
Step2 Data Source
----------------------
 :: 15/12/18 13:13:08
Step1 connectlog
----------------------
 :: 15/12/18 13:13:08
Step2 Data Source
----------------------
 :: 15/12/18 13:41:26
Step1 connectlog
----------------------
 :: 15/12/18 13:41:26
Step2 Data Source
----------------------
 :: 15/12/18 13:42:24
Step1 connectlog
----------------------
 :: 15/12/18 13:42:24
Step2 Data Source
----------------------
 :: 15/12/18 16:41:20
Step1 connectlog
----------------------
 :: 15/12/18 16:41:20
Step2 Data Source
----------------------
 :: 15/12/18 17:13:38
Step1 connectlog
----------------------
 :: 15/12/18 17:13:38
Step2 Data Source
----------------------
 :: 03/02/19 21:57:16
Step1 connectlog
----------------------
 :: 03/02/19 21:57:16
Step2 Data Source
----------------------
 :: 03/02/19 22:15:42
Step1 connectlog
----------------------
 :: 03/02/19 22:15:42
Step2 Data Source
----------------------
ADMIN :: 03/02/19 22:16:23
Capturing Database File Error
Please Retry
'D:\Attendance_Software\ZKTime5.0\att2000.mdb' is not a valid path.  Make sure that the path name is spelled correctly and that you are connected to the server on which the file resides.:0
----------------------
 :: 26/03/19 20:36:46
Step1 connectlog
----------------------
 :: 26/03/19 20:36:46
Operation is not allowed when the object is closed.
----------------------
 :: 26/03/19 20:36:59
Step1 connectlog
----------------------
 :: 26/03/19 20:37:24
Operation is not allowed when the object is closed.
----------------------
 :: 26/03/19 20:48:30
Step1 connectlog
----------------------
 :: 26/03/19 20:48:30
Step2 Data Source
----------------------
 :: 26/03/19 20:49:10
Step1 connectlog
----------------------
 :: 26/03/19 20:49:10
Step2 Data Source
----------------------
 :: 26/03/19 20:49:36
Step1 connectlog
----------------------
 :: 26/03/19 20:49:36
Step2 Data Source
----------------------
 :: 26/03/19 20:50:08
Step1 connectlog
----------------------
 :: 26/03/19 20:50:08
Step2 Data Source
----------------------
 :: 26/03/19 20:52:45
Step1 connectlog
----------------------
 :: 26/03/19 20:52:45
Step2 Data Source
----------------------
 :: 26/03/19 20:55:59
Step1 connectlog
----------------------
 :: 26/03/19 20:55:59
Step2 Data Source
----------------------
 :: 26/03/19 20:56:57
Step1 connectlog
----------------------
 :: 26/03/19 20:57:00
Step2 Data Source
----------------------
 :: 26/03/19 21:49:40
Step1 connectlog
----------------------
 :: 26/03/19 21:49:40
Step2 Data Source
----------------------
ADMIN :: 26/03/19 21:50:56
Error in procedure ReportRelated of Module mdl2007
The database engine could not lock table 'male' because it is already in use by another person or process.:0
----------------------
 :: 26/03/19 21:53:12
Step1 connectlog
----------------------
 :: 26/03/19 21:53:12
Step2 Data Source
----------------------
 :: 26/03/19 23:05:14
Step1 connectlog
----------------------
 :: 26/03/19 23:05:14
Step2 Data Source
----------------------
 :: 26/03/19 23:05:51
Step1 connectlog
----------------------
 :: 26/03/19 23:05:53
Step2 Data Source
----------------------
 :: 26/03/19 23:07:19
Step1 connectlog
----------------------
 :: 26/03/19 23:07:19
Step2 Data Source
----------------------
 :: 26/03/19 23:09:56
Step1 connectlog
----------------------
 :: 26/03/19 23:09:56
Step2 Data Source
----------------------
 :: 26/03/19 23:11:02
Step1 connectlog
----------------------
 :: 26/03/19 23:11:02
Step2 Data Source
----------------------
 :: 26/03/19 23:11:38
Step1 connectlog
----------------------
 :: 26/03/19 23:11:38
Step2 Data Source
----------------------
 :: 26/03/19 23:16:37
Step1 connectlog
----------------------
 :: 26/03/19 23:16:37
Step2 Data Source
----------------------
 :: 26/03/19 23:18:57
Step1 connectlog
----------------------
 :: 26/03/19 23:18:57
Step2 Data Source
----------------------
 :: 26/03/19 23:20:52
Step1 connectlog
----------------------
 :: 26/03/19 23:20:52
Step2 Data Source
----------------------
ADMIN :: 26/03/19 23:26:38
Truncate Table :: DJCommon
Syntax error in FROM clause.:0
----------------------
 :: 27/03/19 22:00:34
Step1 connectlog
----------------------
 :: 27/03/19 22:00:34
Step2 Data Source
----------------------
 :: 27/03/19 22:00:46
Step1 connectlog
----------------------
 :: 27/03/19 22:00:46
Step2 Data Source
----------------------
 :: 27/03/19 22:02:05
Step1 connectlog
----------------------
 :: 27/03/19 22:02:05
Step2 Data Source
----------------------
 :: 27/03/19 22:05:29
Step1 connectlog
----------------------
 :: 27/03/19 22:05:29
Step2 Data Source
----------------------
 :: 27/03/19 22:17:44
Step1 connectlog
----------------------
 :: 27/03/19 22:17:44
Step2 Data Source
----------------------
 :: 27/03/19 22:30:11
Step1 connectlog
----------------------
 :: 27/03/19 22:30:11
Step2 Data Source
----------------------
ADMIN :: 27/03/19 22:30:55
Error in procedure UpdateLvFile of Form YRCRFrm And Line:410
The database engine could not lock table 'lvtrntmp' because it is already in use by another person or process.:410
----------------------
ADMIN :: 27/03/19 22:31:10
Error in procedure UpdateLvFile of Form YRCRFrm And Line:410
The database engine could not lock table 'lvtrntmp' because it is already in use by another person or process.:410
----------------------
 :: 27/03/19 22:35:00
Step1 connectlog
----------------------
 :: 27/03/19 22:35:00
Step2 Data Source
----------------------
ADMIN :: 27/03/19 22:42:48
Truncate Table :: DJCommon
The Microsoft Jet database engine cannot find the input table or query 'MAtt277'.  Make sure it exists and that its name is spelled correctly.:0
----------------------
ADMIN :: 27/03/19 22:43:16
Error in procedure UpdateLvFile of Form YRCRFrm And Line:170
The database engine could not lock table 'lvbtmp' because it is already in use by another person or process.:170
----------------------
ADMIN :: 27/03/19 22:43:33
Error in procedure UpdateLvFile of Form YRCRFrm And Line:170
The database engine could not lock table 'lvbtmp' because it is already in use by another person or process.:170
----------------------
ADMIN :: 27/03/19 22:44:21
Error in procedure UpdateLvFile of Form YRCRFrm And Line:170
The database engine could not lock table 'lvbtmp' because it is already in use by another person or process.:170
----------------------
ADMIN :: 27/03/19 22:45:51
Error in procedure UpdateLvFile of Form YRCRFrm And Line:170
The database engine could not lock table 'lvbtmp' because it is already in use by another person or process.:170
----------------------
ADMIN :: 27/03/19 22:46:25
Error in procedure UpdateLvFile of Form YRCRFrm And Line:170
The database engine could not lock table 'lvbtmp' because it is already in use by another person or process.:170
----------------------
 :: 27/03/19 22:52:01
Step1 connectlog
----------------------
 :: 27/03/19 22:52:01
Step2 Data Source
----------------------
ADMIN :: 27/03/19 23:00:43
FieldExists::
The Microsoft Jet database engine cannot find the input table or query 'lvtrntmp'.  Make sure it exists and that its name is spelled correctly.:0
----------------------
 :: 27/03/19 23:03:58
Step1 connectlog
----------------------
 :: 27/03/19 23:03:58
Step2 Data Source
----------------------
 :: 27/03/19 23:04:22
Step1 connectlog
----------------------
 :: 27/03/19 23:04:22
Step2 Data Source
----------------------
ADMIN :: 27/03/19 23:14:05
Monthly Total Late Early :: Reports
Item cannot be found in the collection corresponding to the requested name or ordinal.:0
----------------------
ADMIN :: 27/03/19 23:14:12
Monthly Total Late Early :: Reports
Item cannot be found in the collection corresponding to the requested name or ordinal.:0
----------------------
 :: 27/03/19 23:21:44
Step1 connectlog
----------------------
 :: 27/03/19 23:21:44
Step2 Data Source
----------------------
 :: 27/03/19 23:22:04
Step1 connectlog
----------------------
 :: 27/03/19 23:22:04
Step2 Data Source
----------------------
 :: 27/03/19 23:29:18
Step1 connectlog
----------------------
 :: 27/03/19 23:29:18
Step2 Data Source
----------------------
 :: 28/03/19 08:23:56
Step1 connectlog
----------------------
 :: 28/03/19 08:23:56
Step2 Data Source
----------------------
ADMIN :: 28/03/19 08:24:31
Capturing Database File Error
Please Retry
'D:\Blank mdb\ZKTime5.0\att2000.mdb' is not a valid path.  Make sure that the path name is spelled correctly and that you are connected to the server on which the file resides.:0
----------------------
 :: 28/03/19 08:29:01
Step1 connectlog
----------------------
 :: 28/03/19 08:29:01
Step2 Data Source
----------------------
ADMIN :: 28/03/19 08:34:45
Date Copy :: Select Date 
:0
----------------------
 :: 28/03/19 08:36:54
Step1 connectlog
----------------------
 :: 28/03/19 08:36:54
Step2 Data Source
----------------------
 :: 28/03/19 08:56:05
Step1 connectlog
----------------------
 :: 28/03/19 08:56:05
Step2 Data Source
----------------------
ADMIN :: 28/03/19 08:56:34
Monthly Total Late Early :: Reports
Operation is not allowed when the object is closed.:0
----------------------
ADMIN :: 28/03/19 08:57:05
Monthly Total Late Early :: Reports
Operation is not allowed when the object is closed.:0
----------------------
ADMIN :: 28/03/19 08:57:25
Monthly Total Late Early :: Reports
Operation is not allowed when the object is closed.:0
----------------------
ADMIN :: 28/03/19 08:57:42
Monthly Total Late Early :: Reports
Operation is not allowed when the object is closed.:0
----------------------
 :: 28/03/19 09:00:50
Step1 connectlog
----------------------
 :: 28/03/19 09:00:50
Step2 Data Source
----------------------
ADMIN :: 28/03/19 09:01:13
Monthly Total Late Early :: Reports
Operation is not allowed when the object is open.:0
----------------------
ADMIN :: 28/03/19 09:03:38
Monthly Total Late Early :: Reports
Item cannot be found in the collection corresponding to the requested name or ordinal.:0
----------------------
ADMIN :: 28/03/19 09:06:44
monReportsMod :: Monthly Reports
No value given for one or more required parameters.:0
----------------------
ADMIN :: 28/03/19 09:07:53
Monthly Total Late Early :: Reports
Item cannot be found in the collection corresponding to the requested name or ordinal.:0
----------------------
 :: 01/04/19 21:36:46
Step1 connectlog
----------------------
 :: 01/04/19 21:36:46
Step2 Data Source
----------------------
ADMIN :: 01/04/19 21:38:24
FilterOnTime
Invalid use of Null:0
----------------------
ADMIN :: 01/04/19 21:39:15
FilterOnTime
Invalid use of Null:0
----------------------
ADMIN :: 01/04/19 21:39:22
FilterOnTime
Invalid use of Null:0
----------------------
 :: 02/04/19 21:10:22
Step1 connectlog
----------------------
 :: 02/04/19 21:10:22
Step2 Data Source
----------------------
ADMIN :: 02/04/19 21:12:18
FilterOnTime
Invalid use of Null:0
----------------------
ADMIN :: 02/04/19 21:13:14
FilterOnTime
Invalid use of Null:0
----------------------
ADMIN :: 02/04/19 21:13:20
FilterOnTime
Invalid use of Null:0
----------------------
ADMIN :: 02/04/19 21:13:44
FilterOnTime
Invalid use of Null:0
----------------------
ADMIN :: 02/04/19 21:14:00
FilterOnTime
Invalid use of Null:0
----------------------
ADMIN :: 02/04/19 21:14:16
FilterOnTime
Invalid use of Null:0
----------------------
 :: 02/04/19 21:44:07
Step1 connectlog
----------------------
 :: 02/04/19 21:44:07
Step2 Data Source
----------------------
ADMIN :: 02/04/19 21:44:32
Date Copy :: Select Date 
:0
----------------------
 :: 02/04/19 22:05:46
Step1 connectlog
----------------------
 :: 02/04/19 22:05:46
Step2 Data Source
----------------------
 :: 02/04/19 22:13:07
Step1 connectlog
----------------------
 :: 02/04/19 22:13:07
Step2 Data Source
----------------------
 :: 03/04/19 22:06:48
Step1 connectlog
----------------------
 :: 03/04/19 22:06:48
Step2 Data Source
----------------------
ADMIN :: 03/04/19 22:07:50
Error in procedure ReportRelated of Module mdl2007
The database engine could not lock table 'male' because it is already in use by another person or process.:0
----------------------
ADMIN :: 03/04/19 22:10:15
Date Copy :: Select Date 
:0
----------------------
ADMIN :: 03/04/19 22:27:28
Capturing Database File Error
Please Retry
Subscript out of range:0
----------------------
 :: 08/04/19 22:14:26
Step1 connectlog
----------------------
 :: 08/04/19 22:14:26
Step2 Data Source
----------------------
 :: 08/04/19 22:27:56
Step1 connectlog
----------------------
 :: 08/04/19 22:27:56
Step2 Data Source
----------------------
 :: 08/04/19 22:28:18
Step1 connectlog
----------------------
 :: 08/04/19 22:28:18
Step2 Data Source
----------------------
 :: 15/04/19 21:06:52
Step1 connectlog
----------------------
 :: 15/04/19 21:06:52
Step2 Data Source
----------------------
 :: 15/04/19 21:12:54
Step1 connectlog
----------------------
 :: 15/04/19 21:12:54
Step2 Data Source
----------------------
ADMIN :: 15/04/19 21:14:10
Capturing Database File Error
Please Retry
'D:\Attendance_Software\ZKTime5.0\att2000.mdb' is not a valid path.  Make sure that the path name is spelled correctly and that you are connected to the server on which the file resides.:0
----------------------
 :: 16/04/19 21:31:39
Step1 connectlog
----------------------
 :: 16/04/19 21:31:39
Step2 Data Source
----------------------
ADMIN :: 16/04/19 21:52:43
Monthly Total Late Early :: Reports
Operation is not allowed when the object is open.:0
----------------------
 :: 16/04/19 22:29:35
Step1 connectlog
----------------------
 :: 16/04/19 22:29:35
Step2 Data Source
----------------------
 :: 16/04/19 22:33:27
Step1 connectlog
----------------------
 :: 16/04/19 22:33:27
Step2 Data Source
----------------------
ADMIN :: 16/04/19 22:33:54
Monthly Total Late Early :: Reports
Extra ) in query expression 'Empcode='EFE1001' and earlhrs>0 and dflg='' AND presabs)='P P ''.:0
----------------------
 :: 16/04/19 22:42:38
Step1 connectlog
----------------------
 :: 16/04/19 22:42:38
Step2 Data Source
----------------------
 :: 16/04/19 22:47:15
Step1 connectlog
----------------------
 :: 16/04/19 22:47:15
Step2 Data Source
----------------------
 :: 16/04/19 22:56:36
Step1 connectlog
----------------------
 :: 16/04/19 22:56:36
Step2 Data Source
----------------------
 :: 16/04/19 22:56:50
Step1 connectlog
----------------------
 :: 16/04/19 22:56:50
Step2 Data Source
----------------------
ADMIN :: 16/04/19 23:02:24
Capturing Database File Error
Please Retry
'D:\Attendance_Software\ZKTime5.0\att2000.mdb' is not a valid path.  Make sure that the path name is spelled correctly and that you are connected to the server on which the file resides.:0
----------------------
ADMIN :: 16/04/19 23:03:21
GetDataPunches
The field is too small to accept the amount of data you attempted to add.  Try inserting or pasting less data.:0
----------------------
ADMIN :: 16/04/19 23:05:01
GetDataPunches
The field is too small to accept the amount of data you attempted to add.  Try inserting or pasting less data.:0
----------------------
ADMIN :: 16/04/19 23:05:26
GetDataPunches
The field is too small to accept the amount of data you attempted to add.  Try inserting or pasting less data.:0
----------------------
ADMIN :: 16/04/19 23:06:08
GetDataPunches
The field is too small to accept the amount of data you attempted to add.  Try inserting or pasting less data.:0
----------------------
ADMIN :: 16/04/19 23:06:24
GetDataPunches
The field is too small to accept the amount of data you attempted to add.  Try inserting or pasting less data.:0
----------------------
ADMIN :: 16/04/19 23:20:35
GetDataPunches
Syntax error in UPDATE statement.:0
----------------------
 :: 17/04/19 21:48:31
Step1 connectlog
----------------------
 :: 17/04/19 21:48:31
Step2 Data Source
----------------------
 :: 17/04/19 22:18:39
Step1 connectlog
----------------------
 :: 17/04/19 22:18:39
Step2 Data Source
----------------------
 :: 17/04/19 22:18:53
Step1 connectlog
----------------------
 :: 17/04/19 22:18:53
Step2 Data Source
----------------------
 :: 26/04/19 21:03:52
Step1 connectlog
----------------------
 :: 26/04/19 21:03:52
Step2 Data Source
----------------------
 :: 26/04/19 21:04:03
Step1 connectlog
----------------------
 :: 26/04/19 21:04:03
Step2 Data Source
----------------------
 :: 03/06/19 21:52:48
Step1 connectlog
----------------------
 :: 03/06/19 21:52:48
Step2 Data Source
----------------------
ADMIN :: 03/06/19 21:55:11
Capturing Database File Error
Please Retry
'E:\Client Database\The Gyym -Thane\ZKTime5.0\att2000.mdb' is not a valid path.  Make sure that the path name is spelled correctly and that you are connected to the server on which the file resides.:0
----------------------
 :: 19/06/19 22:28:23
Step1 connectlog
----------------------
 :: 19/06/19 22:28:23
Step2 Data Source
----------------------
ADMIN :: 19/06/19 22:54:12
SaveModMaster :: Employee Master 
Multiple-step operation generated errors. Check each status value.:0
----------------------
ADMIN :: 19/06/19 22:54:13
SaveModMaster :: Employee Master 
Index or primary key cannot contain a Null value.:0
----------------------
ADMIN :: 19/06/19 22:54:14
UpdateNewEmpLeave :: Leave Updation Module
The field is too small to accept the amount of data you attempted to add.  Try inserting or pasting less data.:0
----------------------
ADMIN :: 19/06/19 22:54:15
FillEmpShift :: Employee Master 
Operation is not allowed in this context.:0
----------------------
ADMIN :: 19/06/19 22:54:16
OpenMasterTable :: Employee Master 
Operation is not allowed in this context.:0
----------------------
ADMIN :: 19/06/19 22:54:16
FillGrid :: Employee Master 
Index or primary key cannot contain a Null value.:0
----------------------
ADMIN :: 19/06/19 22:55:16
OpenMasterTable :: Employee Master 
Operation is not allowed in this context.:0
----------------------
ADMIN :: 19/06/19 22:55:17
OpenMasterTable :: Employee Master 
Operation is not allowed in this context.:0
----------------------
ADMIN :: 19/06/19 22:55:19
FillGrid :: Employee Master 
Index or primary key cannot contain a Null value.:0
----------------------
ADMIN :: 19/06/19 22:55:45
OpenMasterTable :: Employee Master 
Operation is not allowed in this context.:0
----------------------
ADMIN :: 19/06/19 22:55:59
OpenMasterTable :: Employee Master 
Operation is not allowed in this context.:0
----------------------
ADMIN :: 19/06/19 22:56:06
OpenMasterTable :: Employee Master 
Operation is not allowed in this context.:0
----------------------
ADMIN :: 19/06/19 22:56:15
FillGrid :: Employee Master 
Index or primary key cannot contain a Null value.:0
----------------------
ADMIN :: 19/06/19 22:56:37
OpenMasterTable :: Employee Master 
Operation is not allowed in this context.:0
----------------------
ADMIN :: 19/06/19 22:56:38
OpenMasterTable :: Employee Master 
Operation is not allowed in this context.:0
----------------------
ADMIN :: 19/06/19 22:56:38
FillGrid :: Employee Master 
Index or primary key cannot contain a Null value.:0
----------------------
ADMIN :: 19/06/19 22:57:12
OpenMasterTable :: Employee Master 
Operation is not allowed in this context.:0
----------------------
 :: 19/06/19 22:58:41
Step1 connectlog
----------------------
 :: 19/06/19 22:58:41
Step2 Data Source
----------------------
ADMIN :: 19/06/19 23:07:08
AddSave :: Employee Master 
Multiple-step operation generated errors. Check each status value.:0
----------------------
ADMIN :: 19/06/19 23:07:29
ValidateAddmaster :: Employee Master 
Empty row cannot be inserted. Row must have at least one column value set.:0
----------------------
ADMIN :: 19/06/19 23:07:30
ValidateAddmaster :: Employee Master 
Empty row cannot be inserted. Row must have at least one column value set.:0
----------------------
 :: 19/06/19 23:07:42
Step1 connectlog
----------------------
 :: 19/06/19 23:07:42
Step2 Data Source
----------------------
 :: 19/06/19 23:10:48
Step1 connectlog
----------------------
 :: 19/06/19 23:10:48
Step2 Data Source
----------------------
ADMIN :: 19/06/19 23:14:23
SaveModMaster :: Employee Master 
Multiple-step operation generated errors. Check each status value.:0
----------------------
ADMIN :: 19/06/19 23:14:27
SaveModMaster :: Employee Master 
The table 'Empmst' is already opened exclusively by another user, or it is already open through the user interface and cannot be manipulated programmatically.:0
----------------------
ADMIN :: 19/06/19 23:14:27
UpdateNewEmpLeave :: Leave Updation Module
The field is too small to accept the amount of data you attempted to add.  Try inserting or pasting less data.:0
----------------------
ADMIN :: 19/06/19 23:14:29
FillEmpShift :: Employee Master 
Operation is not allowed in this context.:0
----------------------
ADMIN :: 19/06/19 23:14:35
 FillEmpCode :: Employee Master 
The table 'Empmst' is already opened exclusively by another user, or it is already open through the user interface and cannot be manipulated programmatically.:0
----------------------
ADMIN :: 19/06/19 23:14:37
OpenMasterTable :: Employee Master 
Operation is not allowed in this context.:0
----------------------
ADMIN :: 19/06/19 23:14:39
FillGrid :: Employee Master 
The table 'Empmst' is already opened exclusively by another user, or it is already open through the user interface and cannot be manipulated programmatically.:0
----------------------
ADMIN :: 19/06/19 23:15:05
 FillEmpCode :: Employee Master 
The table 'Empmst' is already opened exclusively by another user, or it is already open through the user interface and cannot be manipulated programmatically.:0
----------------------
ADMIN :: 19/06/19 23:15:15
OpenMasterTable :: Employee Master 
Operation is not allowed in this context.:0
----------------------
ADMIN :: 19/06/19 23:15:16
OpenMasterTable :: Employee Master 
Operation is not allowed in this context.:0
----------------------
ADMIN :: 19/06/19 23:15:16
FillGrid :: Employee Master 
Index or primary key cannot contain a Null value.:0
----------------------
ADMIN :: 19/06/19 23:15:35
OpenMasterTable :: Employee Master 
Operation is not allowed in this context.:0
----------------------
ADMIN :: 19/06/19 23:15:36
OpenMasterTable :: Employee Master 
Operation is not allowed in this context.:0
----------------------
ADMIN :: 19/06/19 23:15:39
FillGrid :: Employee Master 
Index or primary key cannot contain a Null value.:0
----------------------
ADMIN :: 19/06/19 23:16:00
OpenMasterTable :: Employee Master 
Operation is not allowed in this context.:0
----------------------
ADMIN :: 19/06/19 23:16:00
OpenMasterTable :: Employee Master 
Operation is not allowed in this context.:0
----------------------
ADMIN :: 19/06/19 23:16:02
FillGrid :: Employee Master 
Index or primary key cannot contain a Null value.:0
----------------------
 :: 19/06/19 23:16:56
Step1 connectlog
----------------------
 :: 19/06/19 23:16:56
Step2 Data Source
----------------------
 :: 22/06/19 09:01:34
Step1 connectlog
----------------------
 :: 22/06/19 09:01:34
Step2 Data Source
----------------------
ADMIN :: 22/06/19 09:06:49
UpdateNewEmpLeave :: Leave Updation Module
The field is too small to accept the amount of data you attempted to add.  Try inserting or pasting less data.:0
----------------------
ADMIN :: 22/06/19 09:06:51
AddRecordsToShift :: Rotation Module
The field is too small to accept the amount of data you attempted to add.  Try inserting or pasting less data.:0
----------------------
 :: 23/06/19 22:28:48
Step1 connectlog
----------------------
 :: 23/06/19 22:28:48
Step2 Data Source
----------------------
ADMIN :: 23/06/19 22:29:15
Date Copy :: Select Date 
:0
----------------------
 :: 23/06/19 22:46:53
Step1 connectlog
----------------------
 :: 23/06/19 22:46:53
Step2 Data Source
----------------------
 :: 26/06/19 21:52:01
Step1 connectlog
----------------------
 :: 26/06/19 21:52:01
Step2 Data Source
----------------------
ADMIN :: 26/06/19 21:52:37
Date Copy :: Select Date 
:0
----------------------
 :: 26/06/19 22:17:35
Step1 connectlog
----------------------
 :: 26/06/19 22:17:35
Step2 Data Source
----------------------
ADMIN :: 26/06/19 22:18:58
Weekly Other Reports :: Reports
The number of columns in the two selected tables or queries of a union query do not match.:0
----------------------
ADMIN :: 26/06/19 22:20:00
Weekly Other Reports :: Reports
The number of columns in the two selected tables or queries of a union query do not match.:0
----------------------
ADMIN :: 26/06/19 22:24:03
Report_Initialize : :  MDlCrep And Line:40
Syntax error (missing operator) in query expression 'empmst.Empcode=WStat418.Empcode update WStat418 set sevw ='A P '  where Empcode='1005''.:40
----------------------
ADMIN :: 26/06/19 22:24:04
Report_Initialize : :  MDlCrep And Line:540
Operation is not allowed when the object is closed.:540
----------------------
ADMIN :: 26/06/19 22:24:16
Report_Initialize : :  MDlCrep And Line:40
Syntax error (missing operator) in query expression 'empmst.Empcode=WStat418.Empcode update WStat418 set sevw ='A P '  where Empcode='1005''.:40
----------------------
ADMIN :: 26/06/19 22:24:18
Report_Initialize : :  MDlCrep And Line:540
Operation is not allowed when the object is closed.:540
----------------------
ADMIN :: 26/06/19 22:27:30
Report_Initialize : :  MDlCrep And Line:40
Syntax error (missing operator) in query expression 'empmst.Empcode=WStat418.Empcode update WStat418 set sevw ='A P '  where Empcode='1005''.:40
----------------------
ADMIN :: 26/06/19 22:29:26
Report_Initialize : :  MDlCrep And Line:540
Operation is not allowed when the object is closed.:540
----------------------
 :: 26/06/19 22:31:37
Step1 connectlog
----------------------
 :: 26/06/19 22:31:37
Step2 Data Source
----------------------
 :: 22/07/19 22:23:42
Step1 connectlog
----------------------
 :: 22/07/19 22:23:43
Step2 Data Source
----------------------
 :: 22/07/19 22:23:58
Step1 connectlog
----------------------
 :: 22/07/19 22:23:58
Step2 Data Source
----------------------
 :: 22/07/19 22:24:32
Step1 connectlog
----------------------
 :: 22/07/19 22:24:32
Step2 Data Source
----------------------
ADMIN :: 22/07/19 22:26:29
Daily Entries :: Reports
The field is too small to accept the amount of data you attempted to add.  Try inserting or pasting less data.:0
----------------------
ADMIN :: 22/07/19 22:27:08
Daily Entries :: Reports
The field is too small to accept the amount of data you attempted to add.  Try inserting or pasting less data.:0
----------------------
 :: 22/07/19 22:50:40
Step1 connectlog
----------------------
 :: 22/07/19 22:50:40
Step2 Data Source
----------------------
 :: 23/07/19 08:45:15
Step1 connectlog
----------------------
 :: 23/07/19 08:45:15
Step2 Data Source
----------------------
 :: 28/07/19 12:42:46
Step1 connectlog
----------------------
 :: 28/07/19 12:42:46
Step2 Data Source
----------------------
 :: 28/07/19 12:43:58
Step1 connectlog
----------------------
 :: 28/07/19 12:43:58
Step2 Data Source
----------------------
 :: 28/07/19 12:44:17
Step1 connectlog
----------------------
 :: 28/07/19 12:44:17
Step2 Data Source
----------------------
ADMIN :: 28/07/19 12:45:18
Capturing Database File Error
Please Retry
'D:\Attendance_Software\ZKTime5.0\att2000.mdb' is not a valid path.  Make sure that the path name is spelled correctly and that you are connected to the server on which the file resides.:0
----------------------
ADMIN :: 28/07/19 12:45:45
Capturing Database File Error
Please Retry
'D:\Attendance_Software\ZKTime5.0\att2000.mdb' is not a valid path.  Make sure that the path name is spelled correctly and that you are connected to the server on which the file resides.:0
----------------------
ADMIN :: 28/07/19 12:46:23
Capturing Database File Error
Please Retry
'D:\Attendance_Software\ZKTime5.0\att2000.mdb' is not a valid path.  Make sure that the path name is spelled correctly and that you are connected to the server on which the file resides.:0
----------------------
 :: 28/07/19 12:46:47
Step1 connectlog
----------------------
 :: 28/07/19 12:46:47
Step2 Data Source
----------------------
ADMIN :: 28/07/19 12:48:25
Capturing Database File Error
Please Retry
'D:\Attendance_Software\ZKTime5.0\att2000.mdb' is not a valid path.  Make sure that the path name is spelled correctly and that you are connected to the server on which the file resides.:0
----------------------
ADMIN :: 28/07/19 12:49:38
Capturing Database File Error
Please Retry
'D:\Attendance_Software\ZKTime5.0\att2000.mdb' is not a valid path.  Make sure that the path name is spelled correctly and that you are connected to the server on which the file resides.:0
----------------------
ADMIN :: 28/07/19 12:50:53
Capturing Database File Error
Please Retry
'D:\Attendance_Software\ZKTime5.0\att2000.mdb' is not a valid path.  Make sure that the path name is spelled correctly and that you are connected to the server on which the file resides.:0
----------------------
ADMIN :: 28/07/19 12:59:15
The database engine could not lock table 'DeviceLog' because it is already in use by another person or process.
----------------------
ADMIN :: 28/07/19 12:59:54
Capturing Database File Error
Please Retry
'D:\Attendance_Software\ZKTime5.0\att2000.mdb' is not a valid path.  Make sure that the path name is spelled correctly and that you are connected to the server on which the file resides.:0
----------------------
ADMIN :: 28/07/19 13:00:14
Capturing Database File Error
Please Retry
'D:\Attendance_Software\ZKTime5.0\att2000.mdb' is not a valid path.  Make sure that the path name is spelled correctly and that you are connected to the server on which the file resides.:0
----------------------
ADMIN :: 28/07/19 13:00:45
Capturing Database File Error
Please Retry
'D:\Attendance_Software\ZKTime5.0\att2000.mdb' is not a valid path.  Make sure that the path name is spelled correctly and that you are connected to the server on which the file resides.:0
----------------------
ADMIN :: 28/07/19 13:04:14
Capturing Database File Error
Please Retry
'D:\Attendance_Software\ZKTime5.0\att2000.mdb' is not a valid path.  Make sure that the path name is spelled correctly and that you are connected to the server on which the file resides.:0
----------------------
 :: 05/08/19 08:57:10
Step1 connectlog
----------------------
 :: 05/08/19 08:57:10
Step2 Data Source
----------------------
 :: 05/08/19 09:08:06
Step1 connectlog
----------------------
 :: 05/08/19 09:08:06
Step2 Data Source
----------------------
 :: 05/08/19 09:10:23
FindTable::
Invalid object name 'MSysObjects'.:0
----------------------
 :: 05/08/19 09:11:56
Step1 connectlog
----------------------
 :: 05/08/19 09:11:56
Step2 Data Source
----------------------
ADMIN :: 05/08/19 09:13:33
Capturing Database File Error
Please Retry
Incorrect syntax near '#'.:0
----------------------
ADMIN :: 05/08/19 09:43:20
Capturing Database File Error
Please Retry
Data type mismatch in criteria expression.:0
----------------------
 :: 05/08/19 09:50:47
Step1 connectlog
----------------------
 :: 05/08/19 09:50:47
Step2 Data Source
----------------------
 :: 05/08/19 09:50:52
FindTable::
Invalid object name 'MSysObjects'.:0
----------------------
 :: 05/08/19 09:50:54
Application Activate Error :: MDI
Column, parameter, or variable #1: Cannot specify a column width on data type text.:0
----------------------
 :: 05/08/19 09:51:21
Step1 connectlog
----------------------
 :: 05/08/19 09:51:21
Step2 Data Source
----------------------
ADMIN :: 05/08/19 09:52:08
Capturing Database File Error
Please Retry
Incorrect syntax near '#'.:0
----------------------
ADMIN :: 05/08/19 10:33:45
FilterOnDates
Incorrect syntax near '04'.:0
----------------------
ADMIN :: 05/08/19 10:35:39
FilterOnDates
Incorrect syntax near '04'.:0
----------------------
 :: 07/08/19 07:40:14
Step1 connectlog
----------------------
 :: 07/08/19 07:40:14
Step2 Data Source
----------------------
ADMIN :: 07/08/19 07:41:27
FilterOnDates
Incorrect syntax near '06'.:0
----------------------
ADMIN :: 07/08/19 07:47:20
GetDataPunches
'cdate' is not a recognized built-in function name.:0
----------------------
ADMIN :: 07/08/19 08:08:52
GetLostPunches
'cdate' is not a recognized built-in function name.:0
----------------------
ADMIN :: 07/08/19 08:09:06
GetLostPunches
'cdate' is not a recognized built-in function name.:0
----------------------
ADMIN :: 07/08/19 08:09:50
GetLostPunches
'cdate' is not a recognized built-in function name.:0
----------------------
ADMIN :: 07/08/19 08:09:51
GetLostPunches
'cdate' is not a recognized built-in function name.:0
----------------------
ADMIN :: 07/08/19 08:10:48
GetLostPunches
'cdate' is not a recognized built-in function name.:0
----------------------
 :: 07/08/19 08:16:10
Step1 connectlog
----------------------
 :: 07/08/19 08:16:10
Step2 Data Source
----------------------
ADMIN :: 07/08/19 08:17:09
Capturing Database File Error
Please Retry
No value given for one or more required parameters.:0
----------------------
ADMIN :: 07/08/19 08:17:53
Capturing Database File Error
Please Retry
No value given for one or more required parameters.:0
----------------------
 :: 07/08/19 08:20:37
Step1 connectlog
----------------------
 :: 07/08/19 08:20:37
Step2 Data Source
----------------------
 :: 16/08/19 23:33:28
Step1 connectlog
----------------------
 :: 16/08/19 23:33:28
Step2 Data Source
----------------------
 :: 29/08/19 22:51:36
Step1 connectlog
----------------------
 :: 29/08/19 22:51:36
Step2 Data Source
----------------------
 :: 21/09/19 23:38:56
Step1 connectlog
----------------------
 :: 21/09/19 23:38:56
Step2 Data Source
----------------------
ADMIN :: 21/09/19 23:40:12
Capturing Database File Error
Please Retry
'D:\Attendance_Software\ZKTime5.0\att2000.mdb' is not a valid path.  Make sure that the path name is spelled correctly and that you are connected to the server on which the file resides.:0
----------------------
 :: 28/09/19 16:40:47
Step1 connectlog
----------------------
 :: 28/09/19 16:40:47
Step2 Data Source
----------------------
ADMIN :: 28/09/19 16:41:26
Capturing Database File Error
Please Retry
'D:\Attendance_Software\ZKTime5.0\att2000.mdb' is not a valid path.  Make sure that the path name is spelled correctly and that you are connected to the server on which the file resides.:0
----------------------
 :: 12/10/19 12:44:48
Step1 connectlog
----------------------
 :: 12/10/19 12:44:48
Step2 Data Source
----------------------
 :: 12/10/19 12:45:16
Step1 connectlog
----------------------
 :: 12/10/19 12:45:16
Step2 Data Source
----------------------
ADMIN :: 12/10/19 12:47:55
Capturing Database File Error
Please Retry
'D:\Attendance_Software\ZKTime5.0\att2000.mdb' is not a valid path.  Make sure that the path name is spelled correctly and that you are connected to the server on which the file resides.:0
----------------------
ADMIN :: 12/10/19 13:01:47
Capturing Database File Error
Please Retry
'D:\Attendance_Software\ZKTime5.0\att2000.mdb' is not a valid path.  Make sure that the path name is spelled correctly and that you are connected to the server on which the file resides.:0
----------------------
 :: 12/10/19 14:06:47
Step1 connectlog
----------------------
 :: 12/10/19 14:06:47
Step2 Data Source
----------------------
 :: 12/10/19 14:29:09
Step1 connectlog
----------------------
 :: 12/10/19 14:29:09
Step2 Data Source
----------------------
 :: 31/10/19 09:44:43
Step1 connectlog
----------------------
 :: 31/10/19 09:44:43
Step2 Data Source
----------------------
 :: 31/10/19 09:44:52
Step1 connectlog
----------------------
 :: 31/10/19 09:44:52
Step2 Data Source
----------------------
 :: 06/11/19 09:24:13
Step1 connectlog
----------------------
 :: 06/11/19 09:24:13
Step2 Data Source
----------------------
 :: 06/11/19 09:24:26
Step1 connectlog
----------------------
 :: 06/11/19 09:24:26
Step2 Data Source
----------------------
 :: 12/11/19 22:42:48
Step1 connectlog
----------------------
 :: 12/11/19 22:42:48
Step2 Data Source
----------------------
 :: 12/11/19 23:04:34
Step1 connectlog
----------------------
 :: 12/11/19 23:04:34
Step2 Data Source
----------------------
 :: 16/11/19 19:22:06
Step1 connectlog
----------------------
 :: 16/11/19 19:22:06
Step2 Data Source
----------------------
 :: 19/11/19 23:49:58
Step1 connectlog
----------------------
 :: 19/11/19 23:49:59
Step2 Data Source
----------------------
 :: 20/11/19 22:45:47
Step1 connectlog
----------------------
 :: 20/11/19 22:45:47
Step2 Data Source
----------------------
 :: 11/01/20 22:07:12
Step1 connectlog
----------------------
 :: 11/01/20 22:07:13
Step2 Data Source
----------------------
ADMIN :: 11/01/20 22:09:06
GetDataPunches
The field is too small to accept the amount of data you attempted to add.  Try inserting or pasting less data.:0
----------------------
ADMIN :: 11/01/20 22:09:55
GetDataPunches
The field is too small to accept the amount of data you attempted to add.  Try inserting or pasting less data.:0
----------------------
 :: 11/01/20 22:17:47
Step1 connectlog
----------------------
 :: 11/01/20 22:17:47
Step2 Data Source
----------------------
ADMIN :: 11/01/20 22:22:37
GetDataPunches
The field is too small to accept the amount of data you attempted to add.  Try inserting or pasting less data.:0
----------------------
 :: 11/01/20 22:31:46
Step1 connectlog
----------------------
 :: 11/01/20 22:31:46
Step2 Data Source
----------------------
 :: 21/01/20 22:22:21
Step1 connectlog
----------------------
 :: 21/01/20 22:22:22
Step2 Data Source
----------------------
 :: 21/01/20 22:41:48
Step1 connectlog
----------------------
 :: 21/01/20 22:41:48
Step2 Data Source
----------------------
 :: 26/01/20 18:33:12
Step1 connectlog
----------------------
 :: 26/01/20 18:33:12
Step2 Data Source
----------------------
 :: 26/01/20 18:35:47
Step1 connectlog
----------------------
 :: 26/01/20 18:35:47
Step2 Data Source
----------------------
ADMIN :: 26/01/20 19:22:18
Capturing Database File Error
Please Retry
'D:\Attendance_Software\ZKTime5.0\att2000.mdb' is not a valid path.  Make sure that the path name is spelled correctly and that you are connected to the server on which the file resides.:0
----------------------
 :: 23/02/20 11:45:28
Step1 connectlog
----------------------
 :: 23/02/20 11:45:28
Step2 Data Source
----------------------
 :: 26/02/20 22:45:55
Step1 connectlog
----------------------
 :: 26/02/20 22:45:55
Step2 Data Source
----------------------
 :: 26/02/20 23:01:10
Step1 connectlog
----------------------
 :: 26/02/20 23:01:10
Step2 Data Source
----------------------
 :: 26/02/20 23:25:15
Step1 connectlog
----------------------
 :: 26/02/20 23:25:15
Step2 Data Source
----------------------
 :: 26/02/20 23:27:08
Step1 connectlog
----------------------
 :: 26/02/20 23:27:08
Step2 Data Source
----------------------
 :: 26/02/20 23:32:56
Step1 connectlog
----------------------
 :: 26/02/20 23:32:56
Step2 Data Source
----------------------
 :: 26/02/20 23:33:58
Step1 connectlog
----------------------
 :: 26/02/20 23:33:59
Step2 Data Source
----------------------
 :: 04/03/20 10:36:13
Step1 connectlog
----------------------
 :: 04/03/20 10:36:13
Step2 Data Source
----------------------
 :: 04/03/20 10:39:52
Step1 connectlog
----------------------
 :: 04/03/20 10:39:52
Step2 Data Source
----------------------
 :: 04/03/20 10:41:37
Load ::Login
[DBNETLIB][ConnectionOpen (PreLoginHandshake()).]General network error. Check your network documentation.:0
----------------------
 :: 04/03/20 10:42:03
OK::Login
The connection cannot be used to perform this operation. It is either closed or invalid in this context.:0
----------------------
 :: 04/03/20 10:42:26
Application Unload Error :: MDI
[DBNETLIB][ConnectionOpen (PreLoginHandshake()).]General network error. Check your network documentation.:0
----------------------
 :: 04/03/20 10:42:29
Step1 connectlog
----------------------
 :: 04/03/20 10:42:29
Step2 Data Source
----------------------
ADMIN :: 04/03/20 10:45:43
OpenMasterTable :: Employee Master 
Incorrect syntax near the keyword 'Desc'.:0
----------------------
ADMIN :: 04/03/20 10:45:44
OpenMasterTable :: Employee Master 
Incorrect syntax near the keyword 'Desc'.:0
----------------------
ADMIN :: 04/03/20 10:45:44
FillGrid :: Employee Master 
Operation is not allowed when the object is closed.:0
----------------------
 :: 04/03/20 10:46:11
Step1 connectlog
----------------------
 :: 04/03/20 10:46:11
Step2 Data Source
----------------------
ADMIN :: 04/03/20 10:46:39
OpenMasterTable :: Employee Master 
Incorrect syntax near the keyword 'Desc'.:0
----------------------
 :: 04/03/20 11:00:23
Step1 connectlog
----------------------
 :: 04/03/20 11:00:23
Step2 Data Source
----------------------
ADMIN :: 04/03/20 11:02:17
Capturing Database File Error
Please Retry
The Microsoft Jet database engine cannot find the input table or query 'CHECKINOUT'.  Make sure it exists and that its name is spelled correctly.:0
----------------------
ADMIN :: 04/03/20 11:02:53
Capturing Database File Error
Please Retry
Not a valid password.:0
----------------------
ADMIN :: 04/03/20 11:03:11
GetDataPunches
'cdate' is not a recognized built-in function name.:0
----------------------
ADMIN :: 04/03/20 11:03:29
GetDataPunches
'cdate' is not a recognized built-in function name.:0
----------------------
 :: 06/03/20 10:39:21
Step1 connectlog
----------------------
 :: 06/03/20 10:39:21
Step2 Data Source
----------------------
 :: 06/03/20 10:46:05
Step1 connectlog
----------------------
 :: 06/03/20 10:46:05
Step2 Data Source
----------------------
 :: 06/03/20 10:52:29
Step1 connectlog
----------------------
 :: 06/03/20 10:52:29
Step2 Data Source
----------------------
ADMIN :: 06/03/20 10:57:50
OpenMasterTable :: Employee Master 
Incorrect syntax near the keyword 'Desc'.:0
----------------------
ADMIN :: 06/03/20 10:57:51
OpenMasterTable :: Employee Master 
Incorrect syntax near the keyword 'Desc'.:0
----------------------
ADMIN :: 06/03/20 10:57:52
FillGrid :: Employee Master 
Operation is not allowed when the object is closed.:0
----------------------
ADMIN :: 06/03/20 10:58:07
OpenMasterTable :: Employee Master 
Incorrect syntax near the keyword 'Desc'.:0
----------------------
 :: 15/03/20 18:53:29
Step1 connectlog
----------------------
 :: 15/03/20 18:53:29
Step2 Data Source
----------------------
 :: 22/03/20 19:22:06
Step1 connectlog
----------------------
 :: 22/03/20 19:22:06
Step2 Data Source
----------------------
ADMIN :: 22/03/20 19:25:26
OpenMasterTable :: Employee Master 
Incorrect syntax near the keyword 'Desc'.:0
----------------------
ADMIN :: 22/03/20 19:32:38
Fill Combo Grid :: Daily Process
The conversion of a varchar data type to a datetime data type resulted in an out-of-range value.:0
----------------------
ADMIN :: 22/03/20 19:33:19
Fill Combo Grid :: Daily Process
The conversion of a varchar data type to a datetime data type resulted in an out-of-range value.:0
----------------------
ADMIN :: 22/03/20 19:33:34
Fill Combo Grid :: Daily Process
The conversion of a varchar data type to a datetime data type resulted in an out-of-range value.:0
----------------------
ADMIN :: 22/03/20 19:33:50
Fill Combo Grid :: Daily Process
The conversion of a varchar data type to a datetime data type resulted in an out-of-range value.:0
----------------------
ADMIN :: 22/03/20 19:34:22
Fill Combo Grid :: Daily Process
The conversion of a varchar data type to a datetime data type resulted in an out-of-range value.:0
----------------------
ADMIN :: 22/03/20 19:49:09
GetHoliday :: Rotation Module
The conversion of a varchar data type to a datetime data type resulted in an out-of-range value.:0
----------------------
ADMIN :: 22/03/20 19:51:02
WOHLAction::mdlDaily
The conversion of a varchar data type to a datetime data type resulted in an out-of-range value.:0
----------------------
ADMIN :: 22/03/20 19:51:29
CheckShiftPunches
The conversion of a varchar data type to a datetime data type resulted in an out-of-range value.:0
----------------------
ADMIN :: 22/03/20 19:52:48
GetPunchesArray
The conversion of a varchar data type to a datetime data type resulted in an out-of-range value.:0
----------------------
ADMIN :: 22/03/20 19:53:44
GetPunchesArray
The conversion of a varchar data type to a datetime data type resulted in an out-of-range value.:0
----------------------
ADMIN :: 22/03/20 19:54:42
GetPunchesArray
The conversion of a varchar data type to a datetime data type resulted in an out-of-range value.:0
----------------------
ADMIN :: 22/03/20 19:55:45
GetLeaveStatus
The conversion of a varchar data type to a datetime data type resulted in an out-of-range value.:0
----------------------
ADMIN :: 22/03/20 19:56:13
AddRecordsToTrn
The conversion of a varchar data type to a datetime data type resulted in an out-of-range value.:0
----------------------
ADMIN :: 22/03/20 19:56:13
AddRecordsToTrn
The conversion of a varchar data type to a datetime data type resulted in an out-of-range value.:0
----------------------
ADMIN :: 22/03/20 19:58:10
GetLeaveStatus
The conversion of a varchar data type to a datetime data type resulted in an out-of-range value.:0
----------------------
ADMIN :: 22/03/20 19:58:56
GetLeaveStatus
The conversion of a varchar data type to a datetime data type resulted in an out-of-range value.:0
----------------------
ADMIN :: 22/03/20 20:09:19
Open Record Sets :: Monthly Process 
The conversion of a varchar data type to a datetime data type resulted in an out-of-range value.:0
----------------------
ADMIN :: 22/03/20 20:10:47
Get Trn Record Sets:: Monthly Process 
The conversion of a varchar data type to a datetime data type resulted in an out-of-range value.:0
----------------------
ADMIN :: 22/03/20 20:13:34
MonProcess :: Monthly Process 
The conversion of a varchar data type to a datetime data type resulted in an out-of-range value.:0
----------------------
ADMIN :: 22/03/20 20:14:11
Total Calc :: Monthly Process 
The conversion of a varchar data type to a datetime data type resulted in an out-of-range value.:0
----------------------
ADMIN :: 22/03/20 20:14:12
Total Calc :: Monthly Process 
Operation is not allowed when the object is closed.:0
----------------------
ADMIN :: 22/03/20 20:14:17
Error in procedure FilterNull of Module mdlDataBase
Operation is not allowed when the object is closed.:0
----------------------
ADMIN :: 22/03/20 20:15:05
Total Calc :: Monthly Process 
The conversion of a varchar data type to a datetime data type resulted in an out-of-range value.:0
----------------------
ADMIN :: 22/03/20 20:17:52
MonProcess :: Monthly Process 
The conversion of a varchar data type to a datetime data type resulted in an out-of-range value.:0
----------------------
ADMIN :: 22/03/20 20:21:51
SaveModMaster :: Edit Paid Days 
The conversion of a varchar data type to a datetime data type resulted in an out-of-range value.:0
----------------------
ADMIN :: 22/03/20 20:23:59
SaveAddMaster :: Manual Entry
The conversion of a varchar data type to a datetime data type resulted in an out-of-range value.:0
----------------------
ADMIN :: 22/03/20 20:26:07
GetDataPunches
Conversion failed when converting date and/or time from character string.:0
----------------------
ADMIN :: 22/03/20 20:41:02
GetDataPunches
Conversion failed when converting date and/or time from character string.:0
----------------------
ADMIN :: 22/03/20 20:41:17
FillEmptype
Item cannot be found in the collection corresponding to the requested name or ordinal.:0
----------------------
ADMIN :: 22/03/20 20:41:17
FillEmptype
Item cannot be found in the collection corresponding to the requested name or ordinal.:0
----------------------
ADMIN :: 22/03/20 20:41:21
FillEmptype
Item cannot be found in the collection corresponding to the requested name or ordinal.:0
----------------------
ADMIN :: 22/03/20 20:41:28
FillEmptype
Item cannot be found in the collection corresponding to the requested name or ordinal.:0
----------------------
ADMIN :: 22/03/20 20:41:28
FillEmptype
Item cannot be found in the collection corresponding to the requested name or ordinal.:0
----------------------
ADMIN :: 22/03/20 20:41:35
FillEmptype
Item cannot be found in the collection corresponding to the requested name or ordinal.:0
----------------------
ADMIN :: 22/03/20 20:42:04
FillEmptype
Item cannot be found in the collection corresponding to the requested name or ordinal.:0
----------------------
ADMIN :: 22/03/20 20:42:05
FillEmptype
Item cannot be found in the collection corresponding to the requested name or ordinal.:0
----------------------
ADMIN :: 22/03/20 20:42:05
FillEmptype
Item cannot be found in the collection corresponding to the requested name or ordinal.:0
----------------------
ADMIN :: 22/03/20 20:42:06
FillEmptype
Item cannot be found in the collection corresponding to the requested name or ordinal.:0
----------------------
ADMIN :: 22/03/20 20:42:06
FillEmptype
Item cannot be found in the collection corresponding to the requested name or ordinal.:0
----------------------
ADMIN :: 22/03/20 20:42:07
FillEmptype
Item cannot be found in the collection corresponding to the requested name or ordinal.:0
----------------------
ADMIN :: 22/03/20 20:42:07
FillEmptype
Item cannot be found in the collection corresponding to the requested name or ordinal.:0
----------------------
ADMIN :: 22/03/20 20:42:07
FillEmptype
Item cannot be found in the collection corresponding to the requested name or ordinal.:0
----------------------
ADMIN :: 22/03/20 20:42:07
FillEmptype
Item cannot be found in the collection corresponding to the requested name or ordinal.:0
----------------------
ADMIN :: 22/03/20 20:42:07
FillEmptype
Item cannot be found in the collection corresponding to the requested name or ordinal.:0
----------------------
ADMIN :: 22/03/20 20:42:08
FillEmptype
Item cannot be found in the collection corresponding to the requested name or ordinal.:0
----------------------
ADMIN :: 22/03/20 20:42:08
FillEmptype
Item cannot be found in the collection corresponding to the requested name or ordinal.:0
----------------------
ADMIN :: 22/03/20 20:42:08
FillEmptype
Item cannot be found in the collection corresponding to the requested name or ordinal.:0
----------------------
ADMIN :: 22/03/20 20:42:08
FillEmptype
Item cannot be found in the collection corresponding to the requested name or ordinal.:0
----------------------
ADMIN :: 22/03/20 20:42:09
FillEmptype
Item cannot be found in the collection corresponding to the requested name or ordinal.:0
----------------------
ADMIN :: 22/03/20 20:42:09
FillEmptype
Item cannot be found in the collection corresponding to the requested name or ordinal.:0
----------------------
ADMIN :: 22/03/20 20:42:09
FillEmptype
Item cannot be found in the collection corresponding to the requested name or ordinal.:0
----------------------
ADMIN :: 22/03/20 20:42:09
FillEmptype
Item cannot be found in the collection corresponding to the requested name or ordinal.:0
----------------------
ADMIN :: 22/03/20 20:42:09
FillEmptype
Item cannot be found in the collection corresponding to the requested name or ordinal.:0
----------------------
ADMIN :: 22/03/20 20:42:09
FillEmptype
Item cannot be found in the collection corresponding to the requested name or ordinal.:0
----------------------
ADMIN :: 22/03/20 20:42:10
FillEmptype
Item cannot be found in the collection corresponding to the requested name or ordinal.:0
----------------------
ADMIN :: 22/03/20 20:42:10
FillEmptype
Item cannot be found in the collection corresponding to the requested name or ordinal.:0
----------------------
ADMIN :: 22/03/20 20:42:10
FillEmptype
Item cannot be found in the collection corresponding to the requested name or ordinal.:0
----------------------
ADMIN :: 22/03/20 20:42:10
FillEmptype
Item cannot be found in the collection corresponding to the requested name or ordinal.:0
----------------------
ADMIN :: 22/03/20 20:42:11
FillEmptype
Item cannot be found in the collection corresponding to the requested name or ordinal.:0
----------------------
 :: 22/03/20 23:35:22
Step1 connectlog
----------------------
 :: 22/03/20 23:35:22
Step2 Data Source
----------------------
 :: 22/03/20 23:37:00
Step1 connectlog
----------------------
 :: 22/03/20 23:37:00
Step2 Data Source
----------------------
 :: 22/03/20 23:38:45
Step1 connectlog
----------------------
 :: 22/03/20 23:38:45
Step2 Data Source
----------------------
 :: 22/03/20 23:39:04
Step1 connectlog
----------------------
 :: 22/03/20 23:39:04
Step2 Data Source
----------------------
 :: 22/03/20 23:41:31
Step1 connectlog
----------------------
 :: 22/03/20 23:41:31
Step2 Data Source
----------------------
ADMIN :: 22/03/20 23:58:51
GetDataPunches
Conversion failed when converting date and/or time from character string.:0
----------------------
ADMIN :: 22/03/20 23:59:01
GetDataPunches
Conversion failed when converting date and/or time from character string.:0
----------------------
 :: 23/03/20 12:22:55
Step1 connectlog
----------------------
 :: 23/03/20 12:22:55
Step2 Data Source
----------------------
 :: 23/03/20 12:26:47
Step1 connectlog
----------------------
 :: 23/03/20 12:26:47
Step2 Data Source
----------------------
 :: 23/03/20 13:40:47
Step1 connectlog
----------------------
 :: 23/03/20 13:40:47
Step2 Data Source
----------------------
 :: 23/03/20 17:31:56
Step1 connectlog
----------------------
 :: 23/03/20 17:31:56
Step2 Data Source
----------------------
 :: 23/03/20 17:42:18
Step1 connectlog
----------------------
 :: 23/03/20 17:42:18
Step2 Data Source
----------------------
 :: 23/03/20 20:20:42
Step1 connectlog
----------------------
 :: 23/03/20 20:20:42
Step2 Data Source
----------------------
 :: 23/03/20 20:21:20
Step1 connectlog
----------------------
 :: 23/03/20 20:21:20
Step2 Data Source
----------------------
 :: 23/03/20 20:21:39
Step1 connectlog
----------------------
 :: 23/03/20 20:21:39
Step2 Data Source
----------------------
a :: 23/03/20 20:23:03
SaveModMaster :: Employee Master 
Cannot insert the value NULL into column 'otflag', table 'NewCiti.dbo.Empmst'; column does not allow nulls. INSERT fails.:0
----------------------
a :: 23/03/20 20:26:06
SaveModMaster :: Employee Master 
Cannot insert the value NULL into column 'otflag', table 'NewCiti.dbo.Empmst'; column does not allow nulls. INSERT fails.:0
----------------------
a :: 23/03/20 20:26:07
FillEmpShift :: Employee Master 
Operation is not allowed in this context.:0
----------------------
a :: 23/03/20 20:26:07
OpenMasterTable :: Employee Master 
Operation is not allowed in this context.:0
----------------------
a :: 23/03/20 20:26:08
FillGrid :: Employee Master 
Cannot insert the value NULL into column 'otflag', table 'NewCiti.dbo.Empmst'; column does not allow nulls. INSERT fails.:0
----------------------
a :: 23/03/20 20:27:55
ValidateAddmaster :: Employee Master 
Cannot insert the value NULL into column 'otflag', table 'NewCiti.dbo.Empmst'; column does not allow nulls. INSERT fails.:0
----------------------
a :: 23/03/20 20:28:09
ValidateAddmaster :: Employee Master 
Cannot insert the value NULL into column 'otflag', table 'NewCiti.dbo.Empmst'; column does not allow nulls. INSERT fails.:0
----------------------
a :: 23/03/20 20:28:24
ValidateAddmaster :: Employee Master 
Cannot insert the value NULL into column 'otflag', table 'NewCiti.dbo.Empmst'; column does not allow nulls. INSERT fails.:0
----------------------
a :: 23/03/20 20:28:43
ValidateAddmaster :: Employee Master 
Cannot insert the value NULL into column 'otflag', table 'NewCiti.dbo.Empmst'; column does not allow nulls. INSERT fails.:0
----------------------
a :: 23/03/20 20:29:24
OpenMasterTable :: Employee Master 
Operation is not allowed in this context.:0
----------------------
a :: 23/03/20 20:29:25
OpenMasterTable :: Employee Master 
Operation is not allowed in this context.:0
----------------------
a :: 23/03/20 20:29:35
FillGrid :: Employee Master 
Cannot insert the value NULL into column 'otflag', table 'NewCiti.dbo.Empmst'; column does not allow nulls. INSERT fails.:0
----------------------
 :: 23/03/20 20:29:39
Step1 connectlog
----------------------
 :: 23/03/20 20:29:39
Step2 Data Source
----------------------
 :: 23/03/20 20:32:28
Step1 connectlog
----------------------
 :: 23/03/20 20:32:28
Step2 Data Source
----------------------
 :: 23/03/20 20:35:05
Step1 connectlog
----------------------
 :: 23/03/20 20:35:05
Step2 Data Source
----------------------
 :: 23/03/20 20:35:25
Step1 connectlog
----------------------
 :: 23/03/20 20:35:25
Step2 Data Source
----------------------
a :: 23/03/20 20:37:29
SaveModMaster :: Employee Master 
Cannot insert the value NULL into column 'otflag', table 'NewCiti.dbo.Empmst'; column does not allow nulls. INSERT fails.:0
----------------------
a :: 23/03/20 20:37:30
FillEmpShift :: Employee Master 
Operation is not allowed in this context.:0
----------------------
a :: 23/03/20 20:37:30
OpenMasterTable :: Employee Master 
Operation is not allowed in this context.:0
----------------------
a :: 23/03/20 22:55:19
OpenMasterTable :: Leave Master 
Incorrect syntax near the keyword 'desc'.:0
----------------------
 :: 23/03/20 22:56:25
Step1 connectlog
----------------------
 :: 23/03/20 22:56:25
Step2 Data Source
----------------------
 :: 23/03/20 23:06:55
Step1 connectlog
----------------------
 :: 23/03/20 23:06:55
Step2 Data Source
----------------------
 :: 23/03/20 23:12:12
Step1 connectlog
----------------------
 :: 23/03/20 23:12:12
Step2 Data Source
----------------------
 :: 23/03/20 23:50:24
Step1 connectlog
----------------------
 :: 23/03/20 23:50:25
Step2 Data Source
----------------------
 :: 24/03/20 11:51:02
Step1 connectlog
----------------------
 :: 24/03/20 11:51:02
Step2 Data Source
----------------------
 :: 24/03/20 11:55:26
Step1 connectlog
----------------------
 :: 24/03/20 11:55:26
Step2 Data Source
----------------------
 :: 24/03/20 11:55:33
Pvstar Statuses Failed
Either BOF or EOF is True, or the current record has been deleted. Requested operation requires a current record.:0
----------------------
 :: 24/03/20 11:55:34
Pvstar Statuses Failed
Either BOF or EOF is True, or the current record has been deleted. Requested operation requires a current record.:0
----------------------
 :: 24/03/20 11:55:34
Pvstar Statuses Failed
Either BOF or EOF is True, or the current record has been deleted. Requested operation requires a current record.:0
----------------------
 :: 24/03/20 11:55:34
Pvstar Statuses Failed
Either BOF or EOF is True, or the current record has been deleted. Requested operation requires a current record.:0
----------------------
 :: 24/03/20 11:55:35
Pvstar Statuses Failed
Either BOF or EOF is True, or the current record has been deleted. Requested operation requires a current record.:0
----------------------
 :: 24/03/20 11:55:35
Pvstar Statuses Failed
Either BOF or EOF is True, or the current record has been deleted. Requested operation requires a current record.:0
----------------------
 :: 24/03/20 11:55:36
Pvstar Statuses Failed
Either BOF or EOF is True, or the current record has been deleted. Requested operation requires a current record.:0
----------------------
 :: 24/03/20 11:57:10
Step1 connectlog
----------------------
 :: 24/03/20 11:57:10
Step2 Data Source
----------------------
 :: 24/03/20 18:51:53
Step1 connectlog
----------------------
 :: 24/03/20 18:51:53
Step2 Data Source
----------------------
 :: 24/03/20 18:51:58
Pvstar Statuses Failed
Either BOF or EOF is True, or the current record has been deleted. Requested operation requires a current record.:0
----------------------
 :: 24/03/20 18:51:59
Pvstar Statuses Failed
Either BOF or EOF is True, or the current record has been deleted. Requested operation requires a current record.:0
----------------------
 :: 24/03/20 18:52:00
Pvstar Statuses Failed
Either BOF or EOF is True, or the current record has been deleted. Requested operation requires a current record.:0
----------------------
 :: 24/03/20 18:52:01
Pvstar Statuses Failed
Either BOF or EOF is True, or the current record has been deleted. Requested operation requires a current record.:0
----------------------
 :: 24/03/20 18:52:06
Pvstar Statuses Failed
Either BOF or EOF is True, or the current record has been deleted. Requested operation requires a current record.:0
----------------------
 :: 24/03/20 18:52:07
Pvstar Statuses Failed
Either BOF or EOF is True, or the current record has been deleted. Requested operation requires a current record.:0
----------------------
 :: 24/03/20 18:52:07
Pvstar Statuses Failed
Either BOF or EOF is True, or the current record has been deleted. Requested operation requires a current record.:0
----------------------
 :: 24/03/20 18:54:35
Step1 connectlog
----------------------
 :: 24/03/20 18:54:35
Step2 Data Source
----------------------
 :: 24/03/20 19:00:00
Step1 connectlog
----------------------
 :: 24/03/20 19:00:00
Step2 Data Source
----------------------
 :: 24/03/20 19:01:39
Step1 connectlog
----------------------
 :: 24/03/20 19:01:39
Step2 Data Source
----------------------
 :: 24/03/20 19:03:49
Step1 connectlog
----------------------
 :: 24/03/20 19:03:49
Step2 Data Source
----------------------
 :: 24/03/20 19:07:30
Step1 connectlog
----------------------
 :: 24/03/20 19:07:30
Step2 Data Source
----------------------
 :: 24/03/20 19:08:23
Step1 connectlog
----------------------
 :: 24/03/20 19:08:23
Step2 Data Source
----------------------
 :: 24/03/20 19:26:06
Step1 connectlog
----------------------
 :: 24/03/20 19:26:06
Step2 Data Source
----------------------
ADMIN :: 24/03/20 19:27:02
SaveModMaster :: Employee Master 
Insufficient key column information for updating or refreshing.:0
----------------------
ADMIN :: 24/03/20 19:27:02
OpenMasterTable :: Employee Master 
Operation is not allowed in this context.:0
----------------------
ADMIN :: 24/03/20 19:27:03
FillGrid :: Employee Master 
Insufficient key column information for updating or refreshing.:0
----------------------
 :: 24/03/20 19:27:10
Step1 connectlog
----------------------
 :: 24/03/20 19:27:10
Step2 Data Source
----------------------
ADMIN :: 24/03/20 19:27:33
SaveModMaster :: Employee Master 
Insufficient key column information for updating or refreshing.:0
----------------------
ADMIN :: 24/03/20 19:27:51
OpenMasterTable :: Employee Master 
Operation is not allowed in this context.:0
----------------------
ADMIN :: 24/03/20 19:27:52
FillGrid :: Employee Master 
Insufficient key column information for updating or refreshing.:0
----------------------
ADMIN :: 24/03/20 19:27:57
OpenMasterTable :: Employee Master 
Operation is not allowed in this context.:0
----------------------
ADMIN :: 24/03/20 19:27:58
OpenMasterTable :: Employee Master 
Operation is not allowed in this context.:0
----------------------
ADMIN :: 24/03/20 19:27:59
FillGrid :: Employee Master 
Insufficient key column information for updating or refreshing.:0
----------------------
ADMIN :: 24/03/20 19:28:06
OpenMasterTable :: Employee Master 
Operation is not allowed in this context.:0
----------------------
ADMIN :: 24/03/20 19:28:07
OpenMasterTable :: Employee Master 
Operation is not allowed in this context.:0
----------------------
ADMIN :: 24/03/20 19:28:08
FillGrid :: Employee Master 
Insufficient key column information for updating or refreshing.:0
----------------------
 :: 24/03/20 19:28:13
Step1 connectlog
----------------------
 :: 24/03/20 19:28:13
Step2 Data Source
----------------------
ADMIN :: 24/03/20 19:29:48
ValidateModMaster :: Employee Master 
Insufficient key column information for updating or refreshing.:0
----------------------
 :: 24/03/20 19:29:56
Step1 connectlog
----------------------
 :: 24/03/20 19:29:56
Step2 Data Source
----------------------
ADMIN :: 24/03/20 19:30:18
SaveModMaster :: Employee Master 
Insufficient key column information for updating or refreshing.:0
----------------------
ADMIN :: 24/03/20 19:30:18
OpenMasterTable :: Employee Master 
Operation is not allowed in this context.:0
----------------------
ADMIN :: 24/03/20 19:30:19
FillGrid :: Employee Master 
Insufficient key column information for updating or refreshing.:0
----------------------
 :: 24/03/20 19:30:27
Step1 connectlog
----------------------
 :: 24/03/20 19:30:27
Step2 Data Source
----------------------
 :: 24/03/20 19:30:33
Step1 connectlog
----------------------
 :: 24/03/20 19:30:33
Step2 Data Source
----------------------
 :: 24/03/20 19:34:26
Step1 connectlog
----------------------
 :: 24/03/20 19:34:26
Step2 Data Source
----------------------
ADMIN :: 24/03/20 19:36:14
SaveModMaster :: Employee Master 
Insufficient key column information for updating or refreshing.:0
----------------------
ADMIN :: 24/03/20 19:36:33
OpenMasterTable :: Employee Master 
Operation is not allowed in this context.:0
----------------------
ADMIN :: 24/03/20 19:36:34
OpenMasterTable :: Employee Master 
Operation is not allowed in this context.:0
----------------------
ADMIN :: 24/03/20 19:36:35
FillGrid :: Employee Master 
Insufficient key column information for updating or refreshing.:0
----------------------
ADMIN :: 24/03/20 19:36:41
OpenMasterTable :: Employee Master 
Operation is not allowed in this context.:0
----------------------
ADMIN :: 24/03/20 19:36:46
OpenMasterTable :: Employee Master 
Operation is not allowed in this context.:0
----------------------
ADMIN :: 24/03/20 19:36:47
FillGrid :: Employee Master 
Insufficient key column information for updating or refreshing.:0
----------------------
 :: 24/03/20 19:36:53
Step1 connectlog
----------------------
 :: 24/03/20 19:36:53
Step2 Data Source
----------------------
ADMIN :: 24/03/20 19:41:53
SaveModMaster :: Employee Master 
Insufficient key column information for updating or refreshing.:0
----------------------
 :: 24/03/20 19:53:43
Step1 connectlog
----------------------
 :: 24/03/20 19:53:43
Step2 Data Source
----------------------
 :: 24/03/20 19:55:30
Step1 connectlog
----------------------
 :: 24/03/20 19:55:30
Step2 Data Source
----------------------
 :: 24/03/20 20:00:19
Step1 connectlog
----------------------
 :: 24/03/20 20:00:20
Step2 Data Source
----------------------
 :: 24/03/20 22:08:50
Step1 connectlog
----------------------
 :: 24/03/20 22:08:51
Step2 Data Source
----------------------
 :: 24/03/20 22:13:13
Step1 connectlog
----------------------
 :: 24/03/20 22:13:13
Step2 Data Source
----------------------
ADMIN :: 24/03/20 22:13:31
Load :: Change Shedule For All
Invalid Column Value:0
----------------------
 :: 24/03/20 22:14:06
Step1 connectlog
----------------------
 :: 24/03/20 22:14:06
Step2 Data Source
----------------------
 :: 24/03/20 22:30:10
Step1 connectlog
----------------------
 :: 24/03/20 22:30:10
Step2 Data Source
----------------------
 :: 24/03/20 22:37:25
Step1 connectlog
----------------------
 :: 24/03/20 22:37:25
Step2 Data Source
----------------------
 :: 24/03/20 22:37:33
Step1 connectlog
----------------------
 :: 24/03/20 22:37:33
Step2 Data Source
----------------------
 :: 24/03/20 23:02:33
Step1 connectlog
----------------------
 :: 24/03/20 23:02:33
Step2 Data Source
----------------------
 :: 24/03/20 23:10:49
Step1 connectlog
----------------------
 :: 24/03/20 23:10:49
Step2 Data Source
----------------------
 :: 24/03/20 23:22:12
Step1 connectlog
----------------------
 :: 24/03/20 23:22:12
Step2 Data Source
----------------------
 :: 24/03/20 23:42:41
Step1 connectlog
----------------------
 :: 24/03/20 23:42:41
Step2 Data Source
----------------------
 :: 24/03/20 23:43:04
Step1 connectlog
----------------------
 :: 24/03/20 23:43:04
Step2 Data Source
----------------------
 :: 26/03/20 18:40:44
Step1 connectlog
----------------------
 :: 26/03/20 18:40:44
Step2 Data Source
----------------------
ADMIN :: 26/03/20 18:41:22
SaveModMaster :: Employee Master 
Insufficient key column information for updating or refreshing.:0
----------------------
 :: 26/03/20 18:42:39
Step1 connectlog
----------------------
 :: 26/03/20 18:42:39
Step2 Data Source
----------------------
 :: 26/03/20 18:47:02
Step1 connectlog
----------------------
 :: 26/03/20 18:47:02
Step2 Data Source
----------------------
ADMIN :: 26/03/20 18:47:32
SaveModMaster :: Employee Master 
Insufficient key column information for updating or refreshing.:0
----------------------
ADMIN :: 04/04/20 22:51:20
Delete Record :: Category Master 
The DELETE statement conflicted with the REFERENCE constraint "FK_holiday_catdesc". The conflict occurred in database "ATTENDO1", table "dbo.holiday", column 'cat'.:0
----------------------
 :: 04/04/20 22:54:11
Step1 connectlog
----------------------
 :: 04/04/20 22:54:11
Step2 Data Source
----------------------
 :: 04/04/20 22:54:34
Step1 connectlog
----------------------
 :: 04/04/20 22:54:34
Step2 Data Source
----------------------
 :: 07/04/20 15:25:53
Step1 connectlog
----------------------
 :: 07/04/20 15:25:53
Step2 Data Source
----------------------
ADMIN :: 07/04/20 15:28:36
FillGrid :: Division Master 
Either BOF or EOF is True, or the current record has been deleted. Requested operation requires a current record.:0
----------------------
ADMIN :: 07/04/20 15:28:52
Display :: Division Master 
Either BOF or EOF is True, or the current record has been deleted. Requested operation requires a current record.:0
----------------------
ADMIN :: 07/04/20 15:28:56
Display :: Division Master 
Either BOF or EOF is True, or the current record has been deleted. Requested operation requires a current record.:0
----------------------
ADMIN :: 07/04/20 15:29:51
Display :: Division Master 
Either BOF or EOF is True, or the current record has been deleted. Requested operation requires a current record.:0
----------------------
ADMIN :: 07/04/20 15:30:11
Display :: Division Master 
Either BOF or EOF is True, or the current record has been deleted. Requested operation requires a current record.:0
----------------------
 :: 10/04/20 17:50:31
Step1 connectlog
----------------------
 :: 10/04/20 17:50:31
Step2 Data Source
----------------------
ADMIN :: 10/04/20 17:57:59
SaveModMaster :: Employee Master 
Cannot insert the value NULL into column 'otflag', table 'BlankTimehr.dbo.Empmst'; column does not allow nulls. INSERT fails.:0
----------------------
ADMIN :: 10/04/20 17:58:00
FillEmpShift :: Employee Master 
Operation is not allowed when the object is closed.:0
----------------------
 :: 10/04/20 17:58:36
Step1 connectlog
----------------------
 :: 10/04/20 17:58:36
Step2 Data Source
----------------------
 :: 10/04/20 19:03:53
Step1 connectlog
----------------------
 :: 10/04/20 19:03:54
Step2 Data Source
----------------------
 :: 25/04/20 22:49:52
Step1 connectlog
----------------------
 :: 25/04/20 22:49:53
Step2 Data Source
----------------------
 :: 26/04/20 22:38:36
Step1 connectlog
----------------------
 :: 26/04/20 22:38:36
Step2 Data Source
----------------------
 :: 26/04/20 23:14:35
Step1 connectlog
----------------------
 :: 26/04/20 23:14:35
Step2 Data Source
----------------------
 :: 02/05/20 23:49:41
Step1 connectlog
----------------------
 :: 02/05/20 23:49:41
Step2 Data Source
----------------------
ADMIN :: 02/05/20 23:50:37
Capturing Database File Error
Please Retry
'D:\Attendance_Software\ZKTime5.0\att2000.mdb' is not a valid path.  Make sure that the path name is spelled correctly and that you are connected to the server on which the file resides.:0
----------------------
ADMIN :: 02/05/20 23:51:30
CDK :: Date Module
Permission denied:0
----------------------
ADMIN :: 02/05/20 23:51:47
Capturing Database File Error
Please Retry
The Microsoft Jet database engine cannot find the input table or query 'CHECKINOUT'.  Make sure it exists and that its name is spelled correctly.:0
----------------------
ADMIN :: 02/05/20 23:52:56
GetDataPunches
Cannot insert the value NULL into column 'UnqFld', table 'TimeHR.dbo.DailyPro'; column does not allow nulls. INSERT fails.:0
----------------------
ADMIN :: 03/05/20 00:04:35
GetLostPunches
Conversion failed when converting date and/or time from character string.:0
----------------------
ADMIN :: 03/05/20 00:04:51
GetLostPunches
Conversion failed when converting date and/or time from character string.:0
----------------------
ADMIN :: 03/05/20 00:07:45
GetLostPunches
Conversion failed when converting date and/or time from character string.:0
----------------------
ADMIN :: 03/05/20 01:17:00
GetLostPunches
Conversion failed when converting date and/or time from character string.:0
----------------------
 :: 16/05/20 22:45:25
Step1 connectlog
----------------------
 :: 16/05/20 22:45:26
Step2 Data Source
----------------------
 :: 16/05/20 23:06:10
Step1 connectlog
----------------------
 :: 16/05/20 23:06:10
Step2 Data Source
----------------------
 :: 16/05/20 23:18:22
Step1 connectlog
----------------------
 :: 16/05/20 23:18:22
Step2 Data Source
----------------------
ADMIN :: 16/05/20 23:19:27
GetPunchesArray
Incorrect syntax near the keyword 'or'.:0
----------------------
 :: 16/05/20 23:30:12
Step1 connectlog
----------------------
 :: 16/05/20 23:30:12
Step2 Data Source
----------------------
 :: 16/05/20 23:33:54
Step1 connectlog
----------------------
 :: 16/05/20 23:33:54
Step2 Data Source
----------------------
 :: 04/06/20 16:17:14
Step1 connectlog
----------------------
 :: 04/06/20 16:17:14
Step2 Data Source
----------------------
 :: 04/06/20 16:17:55
Step1 connectlog
----------------------
 :: 04/06/20 16:17:55
Step2 Data Source
----------------------
ADMIN :: 04/06/20 16:23:46
SaveAddMaster :: Leave Master 
Violation of PRIMARY KEY constraint 'PK_Leavdesc'. Cannot insert duplicate key in object 'dbo.Leavdesc'. The duplicate key value is (GG).:0
----------------------
ADMIN :: 04/06/20 16:24:33
SaveAddMaster :: Leave Master 
Violation of PRIMARY KEY constraint 'PK_Leavdesc'. Cannot insert duplicate key in object 'dbo.Leavdesc'. The duplicate key value is (SS).:0
----------------------
ADMIN :: 04/06/20 16:25:08
AddSave :: Leave Master 
Violation of PRIMARY KEY constraint 'PK_Leavdesc'. Cannot insert duplicate key in object 'dbo.Leavdesc'. The duplicate key value is (SS).:0
----------------------
ADMIN :: 04/06/20 16:25:22
SaveAddMaster :: Leave Master 
Violation of PRIMARY KEY constraint 'PK_Leavdesc'. Cannot insert duplicate key in object 'dbo.Leavdesc'. The duplicate key value is (SS).:0
----------------------
ADMIN :: 04/06/20 16:25:57
SaveAddMaster :: Leave Master 
Violation of PRIMARY KEY constraint 'PK_Leavdesc'. Cannot insert duplicate key in object 'dbo.Leavdesc'. The duplicate key value is (SS).:0
----------------------
ADMIN :: 04/06/20 16:27:40
SaveAddMaster :: Leave Master 
Violation of PRIMARY KEY constraint 'PK_Leavdesc'. Cannot insert duplicate key in object 'dbo.Leavdesc'. The duplicate key value is (BH).:0
----------------------
 :: 25/06/20 00:08:21
Step1 connectlog
----------------------
 :: 25/06/20 00:08:21
Step2 Data Source
----------------------
 :: 25/06/20 00:53:12
Step1 connectlog
----------------------
 :: 25/06/20 00:53:12
Step2 Data Source
----------------------
 :: 07/08/20 22:51:03
Step1 connectlog
----------------------
 :: 07/08/20 22:51:03
Step2 Data Source
----------------------
 :: 09/01/21 22:08:30
Step1 connectlog
----------------------
 :: 09/01/21 22:08:30
Step2 Data Source
----------------------
 :: 09/01/21 22:22:22
Step1 connectlog
----------------------
 :: 09/01/21 22:22:22
Step2 Data Source
----------------------
 :: 03/02/21 11:20:13
Step1 connectlog
----------------------
 :: 03/02/21 11:20:13
Step2 Data Source
----------------------
 :: 03/02/21 11:20:24
Step1 connectlog
----------------------
 :: 03/02/21 11:20:24
Step2 Data Source
----------------------
 :: 03/02/21 11:21:42
Step1 connectlog
----------------------
 :: 03/02/21 11:21:42
Step2 Data Source
----------------------
 :: 04/02/21 10:27:25
Step1 connectlog
----------------------
 :: 04/02/21 10:27:25
Step2 Data Source
----------------------
 :: 07/02/21 17:19:30
Step1 connectlog
----------------------
 :: 07/02/21 17:19:30
Step2 Data Source
----------------------
 :: 07/02/21 17:27:22
Step1 connectlog
----------------------
 :: 07/02/21 17:27:22
Step2 Data Source
----------------------
 :: 07/02/21 19:24:46
Step1 connectlog
----------------------
 :: 07/02/21 19:24:46
Step2 Data Source
----------------------
ADMIN :: 07/02/21 19:25:24
Set Report Name :: Reports
Type mismatch:0
----------------------
ADMIN :: 07/02/21 19:25:29
Set Report Name :: Reports
Type mismatch:0
----------------------
ADMIN :: 07/02/21 19:25:52
Set Report Name :: Reports
Type mismatch:0
----------------------
 :: 07/02/21 19:36:27
Step1 connectlog
----------------------
 :: 07/02/21 19:36:27
Step2 Data Source
----------------------
 :: 07/02/21 21:52:49
Step1 connectlog
----------------------
 :: 07/02/21 21:52:49
Step2 Data Source
----------------------
ADMIN :: 07/02/21 21:53:18
Set Report Name :: Reports
Type mismatch:0
----------------------
ADMIN :: 07/02/21 21:53:31
Set Report Name :: Reports
Type mismatch:0
----------------------
 :: 07/02/21 21:53:41
Step1 connectlog
----------------------
 :: 07/02/21 21:53:41
Step2 Data Source
----------------------
 :: 07/02/21 22:02:40
Step1 connectlog
----------------------
 :: 07/02/21 22:02:40
Step2 Data Source
----------------------
ADMIN :: 07/02/21 22:03:32
Set Report Name :: Reports
Type mismatch:0
----------------------
 :: 07/02/21 22:26:05
Step1 connectlog
----------------------
 :: 07/02/21 22:26:05
Step2 Data Source
----------------------
 :: 07/02/21 22:26:09
Step1 connectlog
----------------------
 :: 07/02/21 22:26:09
Step2 Data Source
----------------------
 :: 07/02/21 22:41:04
Step1 connectlog
----------------------
 :: 07/02/21 22:41:04
Step2 Data Source
----------------------
ADMIN :: 07/02/21 22:45:54
The database engine could not lock table 'DeviceLog' because it is already in use by another person or process.
----------------------
ADMIN :: 07/02/21 22:47:33
Capturing Database File Error
Please Retry
The Microsoft Jet database engine cannot find the input table or query 'CHECKINOUT'.  Make sure it exists and that its name is spelled correctly.:0
----------------------
ADMIN :: 07/02/21 22:47:37
Capturing Database File Error
Please Retry
The Microsoft Jet database engine cannot find the input table or query 'CHECKINOUT'.  Make sure it exists and that its name is spelled correctly.:0
----------------------
ADMIN :: 07/02/21 22:48:05
Capturing Database File Error
Please Retry
The Microsoft Jet database engine cannot find the input table or query 'CHECKINOUT'.  Make sure it exists and that its name is spelled correctly.:0
----------------------
ADMIN :: 07/02/21 22:48:22
Capturing Database File Error
Please Retry
The Microsoft Jet database engine cannot find the input table or query 'CHECKINOUT'.  Make sure it exists and that its name is spelled correctly.:0
----------------------
ADMIN :: 07/02/21 22:48:58
Capturing Database File Error
Please Retry
The Microsoft Jet database engine cannot find the input table or query 'CHECKINOUT'.  Make sure it exists and that its name is spelled correctly.:0
----------------------
 :: 07/02/21 23:05:28
Step1 connectlog
----------------------
 :: 07/02/21 23:05:28
Step2 Data Source
----------------------
 :: 09/02/21 19:36:39
Step1 connectlog
----------------------
 :: 09/02/21 19:36:39
Step2 Data Source
----------------------
ADMIN :: 09/02/21 19:40:48
Capturing Database File Error
Please Retry
'D:\Attendance_Software\ZKTime5.0\att2000.mdb' is not a valid path.  Make sure that the path name is spelled correctly and that you are connected to the server on which the file resides.:0
----------------------
 :: 09/02/21 19:42:19
Step1 connectlog
----------------------
 :: 09/02/21 19:42:19
Step2 Data Source
----------------------
 :: 09/02/21 19:45:41
Step1 connectlog
----------------------
 :: 09/02/21 19:45:41
Step2 Data Source
----------------------
 :: 09/02/21 19:46:55
Main :: Common
The Microsoft Jet database engine cannot find the input table or query 'NewCaptions'.  Make sure it exists and that its name is spelled correctly.:0
----------------------
 :: 09/02/21 19:48:43
Step1 connectlog
----------------------
 :: 09/02/21 19:48:43
Step2 Data Source
----------------------
ADMIN :: 09/02/21 19:50:21
Capturing Database File Error
Please Retry
The Microsoft Jet database engine cannot find the input table or query 'DeviceLogs_2_2021'.  Make sure it exists and that its name is spelled correctly.:0
----------------------
ADMIN :: 09/02/21 19:50:46
Capturing Database File Error
Please Retry
The Microsoft Jet database engine cannot find the input table or query 'DeviceLogs_2_2021'.  Make sure it exists and that its name is spelled correctly.:0
----------------------
ADMIN :: 09/02/21 19:52:41
Capturing Database File Error
Please Retry
The Microsoft Jet database engine cannot find the input table or query 'DeviceLogs_2_2021'.  Make sure it exists and that its name is spelled correctly.:0
----------------------
ADMIN :: 09/02/21 19:54:03
Capturing Database File Error
Please Retry
Operation is not allowed when the object is closed.:0
----------------------
ADMIN :: 09/02/21 19:54:04
Capturing Database File Error
Please Retry
Operation is not allowed when the object is closed.:0
----------------------
ADMIN :: 09/02/21 19:54:05
Capturing Database File Error
Please Retry
The Microsoft Jet database engine cannot find the input table or query 'DeviceLogs_2_2021'.  Make sure it exists and that its name is spelled correctly.:0
----------------------
ADMIN :: 09/02/21 19:54:06
Capturing Database File Error
Please Retry
The Microsoft Jet database engine cannot find the input table or query 'DeviceLogs_2_2021'.  Make sure it exists and that its name is spelled correctly.:0
----------------------
ADMIN :: 09/02/21 19:54:06
Capturing Database File Error
Please Retry
Operation is not allowed when the object is closed.:0
----------------------
ADMIN :: 09/02/21 19:54:06
Capturing Database File Error
Please Retry
Operation is not allowed when the object is closed.:0
----------------------
 :: 09/02/21 19:54:31
Step1 connectlog
----------------------
 :: 09/02/21 19:54:31
Step2 Data Source
----------------------
 :: 09/02/21 19:58:03
Step1 connectlog
----------------------
 :: 09/02/21 19:58:03
Step2 Data Source
----------------------
 :: 01/04/21 22:12:41
Step1 connectlog
----------------------
 :: 01/04/21 22:12:41
Step2 Data Source
----------------------
 :: 26/06/21 23:17:04
Step1 connectlog
----------------------
 :: 26/06/21 23:17:05
Step2 Data Source
----------------------
 :: 26/06/21 23:51:09
Step1 connectlog
----------------------
 :: 26/06/21 23:51:09
Step2 Data Source
----------------------
 :: 27/06/21 00:28:17
Step1 connectlog
----------------------
 :: 27/06/21 00:28:17
Step2 Data Source
----------------------
 :: 27/06/21 00:29:29
Step1 connectlog
----------------------
 :: 27/06/21 00:29:29
Step2 Data Source
----------------------
ADMIN :: 27/06/21 00:29:58
GetExportData::Performance ExportErl:0
Object required:0
----------------------
ADMIN :: 27/06/21 00:33:02
Load Specifics :: Reports
Invalid property value:0
----------------------
ADMIN :: 27/06/21 00:36:50
GetExportData::Performance ExportErl:0
Object required:0
----------------------
ADMIN :: 27/06/21 00:36:51
SaveExportData :: Performance Export
Permission denied:0
----------------------
ADMIN :: 27/06/21 11:38:39
GetExportData::Performance ExportErl:0
Object required:0
----------------------
ADMIN :: 27/06/21 11:41:49
GetExportData::Performance ExportErl:0
Object required:0
----------------------
ADMIN :: 27/06/21 11:41:54
SaveExportData :: Performance Export
Permission denied:0
----------------------
ADMIN :: 27/06/21 11:54:01
GetExportData::Performance ExportErl:0
Object required:0
----------------------
ADMIN :: 27/06/21 11:54:02
SaveExportData :: Performance Export
Permission denied:0
----------------------
 :: 27/06/21 11:55:56
Step1 connectlog
----------------------
 :: 27/06/21 11:55:56
Step2 Data Source
----------------------
 :: 27/06/21 15:52:22
Step1 connectlog
----------------------
 :: 27/06/21 15:52:22
Step2 Data Source
----------------------
 :: 27/06/21 15:55:58
Step1 connectlog
----------------------
 :: 27/06/21 15:55:58
Step2 Data Source
----------------------
 :: 27/06/21 23:15:09
Step1 connectlog
----------------------
 :: 27/06/21 23:15:09
Step2 Data Source
----------------------
 :: 27/06/21 23:39:45
Step1 connectlog
----------------------
 :: 27/06/21 23:39:45
Step2 Data Source
----------------------
 :: 27/06/21 23:52:59
Step1 connectlog
----------------------
 :: 27/06/21 23:52:59
Step2 Data Source
----------------------
 :: 28/06/21 00:07:25
Step1 connectlog
----------------------
 :: 28/06/21 00:07:25
Step2 Data Source
----------------------
 :: 28/06/21 00:29:43
Step1 connectlog
----------------------
 :: 28/06/21 00:29:43
Step2 Data Source
----------------------
 :: 28/06/21 01:19:47
Step1 connectlog
----------------------
 :: 28/06/21 01:19:47
Step2 Data Source
----------------------
 :: 28/06/21 01:24:28
Step1 connectlog
----------------------
 :: 28/06/21 01:24:28
Step2 Data Source
----------------------
 :: 28/06/21 01:26:30
Step1 connectlog
----------------------
 :: 28/06/21 01:26:30
Step2 Data Source
----------------------
 :: 28/06/21 01:27:03
Step1 connectlog
----------------------
 :: 28/06/21 01:27:03
Step2 Data Source
----------------------
 :: 28/06/21 01:27:06
Step1 connectlog
----------------------
 :: 28/06/21 01:27:06
Step2 Data Source
----------------------
 :: 28/06/21 10:45:20
Step1 connectlog
----------------------
 :: 28/06/21 10:45:21
Step2 Data Source
----------------------
 :: 29/06/21 23:33:01
Step1 connectlog
----------------------
 :: 29/06/21 23:33:01
Step2 Data Source
----------------------
 :: 29/06/21 23:34:51
Step1 connectlog
----------------------
 :: 29/06/21 23:34:51
Step2 Data Source
----------------------
 :: 29/06/21 23:35:26
Step1 connectlog
----------------------
 :: 29/06/21 23:35:26
Step2 Data Source
----------------------
 :: 29/06/21 23:48:21
Step1 connectlog
----------------------
 :: 29/06/21 23:48:21
Step2 Data Source
----------------------
 :: 29/06/21 23:58:56
Step1 connectlog
----------------------
 :: 29/06/21 23:58:56
Step2 Data Source
----------------------
 :: 30/06/21 00:28:54
Step1 connectlog
----------------------
 :: 30/06/21 00:28:54
Step2 Data Source
----------------------
 :: 13/07/21 22:30:54
Step1 connectlog
----------------------
 :: 13/07/21 22:30:55
Step2 Data Source
----------------------
 :: 13/07/21 22:58:10
Step1 connectlog
----------------------
 :: 13/07/21 22:58:10
Step2 Data Source
----------------------
 :: 13/07/21 23:14:20
Step1 connectlog
----------------------
 :: 13/07/21 23:14:20
Step2 Data Source
----------------------
 :: 13/07/21 23:44:51
Step1 connectlog
----------------------
 :: 13/07/21 23:44:51
Step2 Data Source
----------------------
 :: 13/07/21 23:46:05
Step1 connectlog
----------------------
 :: 13/07/21 23:46:05
Step2 Data Source
----------------------
 :: 14/07/21 00:00:56
Step1 connectlog
----------------------
 :: 14/07/21 00:00:56
Step2 Data Source
----------------------
 :: 14/07/21 00:06:41
Step1 connectlog
----------------------
 :: 14/07/21 00:06:41
Step2 Data Source
----------------------
 :: 14/07/21 00:11:17
Step1 connectlog
----------------------
 :: 14/07/21 00:11:17
Step2 Data Source
----------------------
 :: 14/07/21 00:45:55
Step1 connectlog
----------------------
 :: 14/07/21 00:45:56
Step2 Data Source
----------------------
 :: 14/07/21 00:56:19
Step1 connectlog
----------------------
 :: 14/07/21 00:56:19
Step2 Data Source
----------------------
 :: 14/07/21 00:57:09
Step1 connectlog
----------------------
 :: 14/07/21 00:57:09
Step2 Data Source
----------------------
 :: 14/07/21 00:58:15
Step1 connectlog
----------------------
 :: 14/07/21 00:58:15
Step2 Data Source
----------------------
 :: 14/07/21 01:03:47
Step1 connectlog
----------------------
 :: 14/07/21 01:03:47
Step2 Data Source
----------------------
 :: 14/07/21 01:08:22
Step1 connectlog
----------------------
 :: 14/07/21 01:08:22
Step2 Data Source
----------------------
 :: 14/07/21 01:08:31
Step1 connectlog
----------------------
 :: 14/07/21 01:08:31
Step2 Data Source
----------------------
 :: 14/07/21 01:20:40
Step1 connectlog
----------------------
 :: 14/07/21 01:20:40
Step2 Data Source
----------------------
 :: 24/07/21 19:39:27
Step1 connectlog
----------------------
 :: 24/07/21 19:39:27
Step2 Data Source
----------------------
 :: 24/07/21 19:48:05
Step1 connectlog
----------------------
 :: 24/07/21 19:48:05
Step2 Data Source
----------------------
 :: 24/07/21 22:05:10
Step1 connectlog
----------------------
 :: 24/07/21 22:05:10
Step2 Data Source
----------------------
 :: 24/07/21 22:41:29
Step1 connectlog
----------------------
 :: 24/07/21 22:41:29
Step2 Data Source
----------------------
 :: 01/08/21 08:48:11
Step1 connectlog
----------------------
 :: 01/08/21 08:48:11
Step2 Data Source
----------------------
ADMIN :: 01/08/21 08:50:29
Capturing Database File Error
Please Retry
Operation is not allowed when the object is closed.:0
----------------------
ADMIN :: 01/08/21 08:51:26
Capturing Database File Error
Please Retry
Item cannot be found in the collection corresponding to the requested name or ordinal.:0
----------------------
ADMIN :: 01/08/21 08:51:27
Capturing Database File Error
Please Retry
Item cannot be found in the collection corresponding to the requested name or ordinal.:0
----------------------
ADMIN :: 01/08/21 08:51:28
Capturing Database File Error
Please Retry
Operation is not allowed when the object is closed.:0
----------------------
ADMIN :: 01/08/21 08:56:01
Capturing Database File Error
Please Retry
Operation is not allowed when the object is closed.:0
----------------------
ADMIN :: 01/08/21 08:56:06
Capturing Database File Error
Please Retry
Item cannot be found in the collection corresponding to the requested name or ordinal.:0
----------------------
 :: 01/08/21 14:50:58
Step1 connectlog
----------------------
 :: 01/08/21 14:50:58
Step2 Data Source
----------------------
 :: 01/08/21 15:28:53
Step1 connectlog
----------------------
 :: 01/08/21 15:28:53
Step2 Data Source
----------------------
 :: 01/08/21 15:55:18
Step1 connectlog
----------------------
 :: 01/08/21 15:55:18
Step2 Data Source
----------------------
 :: 01/08/21 16:11:26
Step1 connectlog
----------------------
 :: 01/08/21 16:11:26
Step2 Data Source
----------------------
ADMIN :: 01/08/21 16:13:51
Get Trn Record Sets:: Monthly Process 
The Microsoft Jet database engine cannot find the input table or query 'Aug21Trn'.  Make sure it exists and that its name is spelled correctly.:0
----------------------
ADMIN :: 01/08/21 16:21:27
Daily Process :: User Name : ADMIN     SAIKRUPA GARMENT LLP                                                   TimeHR: Version-1.0.155
Operation is not allowed when the object is closed.:0
----------------------
 :: 02/09/21 13:39:37
Step1 connectlog
----------------------
 :: 02/09/21 13:39:37
Step2 Data Source
----------------------
ADMIN :: 02/09/21 13:43:04
Truncate Table :: DJCommon
The Microsoft Jet database engine cannot find the input table or query 'MPerf343'.  Make sure it exists and that its name is spelled correctly.:0
----------------------
ADMIN :: 02/09/21 13:45:39
Truncate Table :: DJCommon
The Microsoft Jet database engine cannot find the input table or query 'MPerf343'.  Make sure it exists and that its name is spelled correctly.:0
----------------------
ADMIN :: 02/09/21 13:45:52
Truncate Table :: DJCommon
The Microsoft Jet database engine cannot find the input table or query 'MPerf343'.  Make sure it exists and that its name is spelled correctly.:0
----------------------
ADMIN :: 02/09/21 13:45:59
Truncate Table :: DJCommon
The Microsoft Jet database engine cannot find the input table or query 'MPerf343'.  Make sure it exists and that its name is spelled correctly.:0
----------------------
ADMIN :: 02/09/21 13:51:40
Truncate Table :: DJCommon
The Microsoft Jet database engine cannot find the input table or query 'MPerf343'.  Make sure it exists and that its name is spelled correctly.:0
----------------------
ADMIN :: 02/09/21 13:51:47
Truncate Table :: DJCommon
The Microsoft Jet database engine cannot find the input table or query 'MPerf343'.  Make sure it exists and that its name is spelled correctly.:0
----------------------
ADMIN :: 02/09/21 13:51:58
Truncate Table :: DJCommon
The Microsoft Jet database engine cannot find the input table or query 'MPerf343'.  Make sure it exists and that its name is spelled correctly.:0
----------------------
 :: 02/09/21 13:56:20
Step1 connectlog
----------------------
 :: 02/09/21 13:56:20
Step2 Data Source
----------------------
 :: 02/09/21 22:10:49
Step1 connectlog
----------------------
 :: 02/09/21 22:10:49
Step2 Data Source
----------------------
 :: 02/09/21 22:16:06
Step1 connectlog
----------------------
 :: 02/09/21 22:16:06
Step2 Data Source
----------------------
 :: 02/09/21 22:17:52
Step1 connectlog
----------------------
 :: 02/09/21 22:17:52
Step2 Data Source
----------------------
 :: 10-09-22 21:21:47
Step1 connectlog
----------------------
 :: 10-09-22 21:21:47
Step2 Data Source
----------------------
 :: 10-09-22 21:22:31
Step1 connectlog
----------------------
 :: 10-09-22 21:22:31
Step2 Data Source
----------------------
 :: 10-09-22 21:56:34
Step1 connectlog
----------------------
 :: 10-09-22 21:56:34
Step2 Data Source
----------------------
 :: 10-09-22 21:56:44
Step1 connectlog
----------------------
 :: 10-09-22 21:56:44
Step2 Data Source
----------------------
 :: 10-09-22 23:26:29
Step1 connectlog
----------------------
 :: 10-09-22 23:26:29
Step2 Data Source
----------------------
 :: 10-09-22 23:26:43
Step1 connectlog
----------------------
 :: 10-09-22 23:26:43
Step2 Data Source
----------------------
 :: 10/09/2022 23:28:05
Step1 connectlog
----------------------
 :: 10/09/2022 23:28:05
Step2 Data Source
----------------------
A :: 10/09/2022 23:28:35
Set Report Name :: Reports
Type mismatch:0
----------------------
 :: 11/09/2022 08:59:10
Step1 connectlog
----------------------
 :: 11/09/2022 08:59:10
Step2 Data Source
----------------------
 :: 11/09/2022 09:23:00
Step1 connectlog
----------------------
 :: 11/09/2022 09:23:00
Step2 Data Source
----------------------
 :: 11/09/2022 09:23:06
Step1 connectlog
----------------------
 :: 11/09/2022 09:23:06
Step2 Data Source
----------------------
 :: 11/09/2022 09:57:32
Step1 connectlog
----------------------
 :: 11/09/2022 09:57:32
Step2 Data Source
----------------------
 :: 11/09/2022 10:38:01
Step1 connectlog
----------------------
 :: 11/09/2022 10:38:01
Step2 Data Source
----------------------
 :: 11/09/2022 10:45:45
Step1 connectlog
----------------------
 :: 11/09/2022 10:45:45
Step2 Data Source
----------------------
 :: 19/11/2022 08:40:09
Step1 connectlog
----------------------
 :: 19/11/2022 08:40:09
Step2 Data Source
