Line 178: Class TabDlg.SSTab of control TB1 was not a loaded control class.
Line 444: Class MSMask.MaskEdBox of control txtPEarly was not a loaded control class.
Line 466: Class MSMask.MaskEdBox of control txtPLate was not a loaded control class.
Line 543: Class MSMask.MaskEdBox of control txtOffTo was not a loaded control class.
Line 568: Class MSMask.MaskEdBox of control txtOffFrom was not a loaded control class.
Line 647: Class MSMask.MaskEdBox of control txtOnTo was not a loaded control class.
Line 672: Class MSMask.MaskEdBox of control txtOnFrom was not a loaded control class.
Line 770: Class MSMask.MaskEdBox of control txtT2 was not a loaded control class.
Line 796: Class MSMask.MaskEdBox of control txtT4 was not a loaded control class.
Line 822: Class MSMask.MaskEdBox of control txtT6 was not a loaded control class.
Line 848: Class MSMask.MaskEdBox of control txtT3 was not a loaded control class.
Line 873: Class MSMask.MaskEdBox of control txtT5 was not a loaded control class.
Line 899: Class MSMask.MaskEdBox of control txtT7 was not a loaded control class.
Line 1055: Class MSMask.MaskEdBox of control txtDept was not a loaded control class.
Line 1079: Class MSMask.MaskEdBox of control txtArr was not a loaded control class.
Line 1103: Class MSMask.MaskEdBox of control txtWork was not a loaded control class.
Line 1127: Class MSMask.MaskEdBox of control txtLate was not a loaded control class.
Line 1151: Class MSMask.MaskEdBox of control txtEarly was not a loaded control class.
Line 1175: Class MSMask.MaskEdBox of control txtOT was not a loaded control class.
Line 1343: Class MSMask.MaskEdBox of control txtRest was not a loaded control class.
Line 1516: Class MSFlexGridLib.MSFlexGrid of control MSF1 was not a loaded control class.
