Line 77: Class TabDlg.SSTab of control TB1 was not a loaded control class.
Line 241: Class MSMask.MaskEdBox of control txtPhone was not a loaded control class.
Line 264: Class MSMask.MaskEdBox of control txtCity was not a loaded control class.
Line 389: Class MSMask.MaskEdBox of control txtRef was not a loaded control class.
Line 412: Class MSMask.MaskEdBox of control txtSal was not a loaded control class.
Line 523: Class MSMask.MaskEdBox of control txtBlood was not a loaded control class.
Line 758: Class MSMask.MaskEdBox of control txtCard was not a loaded control class.
Line 780: Class MSMask.MaskEdBox of control txtCode was not a loaded control class.
Line 957: Class MSMask.MaskEdBox of control txtAvgDays was not a loaded control class.
Line 980: Class MSMask.MaskEdBox of control txtNewSal was not a loaded control class.
Line 1003: Class MSMask.MaskEdBox of control txtOldSal was not a loaded control class.
Line 1511: Class MSMask.MaskEdBox of control txtNat was not a loaded control class.
Line 1533: Class MSMask.MaskEdBox of control txtState was not a loaded control class.
Line 1555: Class MSMask.MaskEdBox of control txtRoad was not a loaded control class.
Line 1577: Class MSMask.MaskEdBox of control txtArea was not a loaded control class.
Line 1599: Class MSMask.MaskEdBox of control txtTel was not a loaded control class.
Line 1621: Class MSMask.MaskEdBox of control txtDist was not a loaded control class.
Line 1643: Class MSMask.MaskEdBox of control txtVill was not a loaded control class.
Line 1665: Class MSMask.MaskEdBox of control txtSpl was not a loaded control class.
Line 1688: Class MSMask.MaskEdBox of control txtSpl was not a loaded control class.
Line 1711: Class MSMask.MaskEdBox of control txtHouse was not a loaded control class.
Line 1905: Class MSFlexGridLib.MSFlexGrid of control MSF1 was not a loaded control class.
Line 1933: Class MSFlexGridLib.MSFlexGrid of control MSF2 was not a loaded control class.
