Line 53: Class TabDlg.SSTab of control UserTab was not a loaded control class.
Line 88: Class TabDlg.SSTab of control RightsTab was not a loaded control class.
Line 191: Class MSFlexGridLib.MSFlexGrid of control MSF1 was not a loaded control class.
Line 700: Class MSFlexGridLib.MSFlexGrid of control ListGrid was not a loaded control class.
Line 59: The property name _ExtentX in UserTab is invalid.
Line 60: The property name _ExtentY in UserTab is invalid.
Line 61: The property name _Version in UserTab is invalid.
Line 62: The property name Tabs in UserTab is invalid.
Line 63: The property name TabsPerRow in UserTab is invalid.
Line 64: The property name TabHeight in UserTab is invalid.
Line 74: The property name TabCaption(0) in UserTab is invalid.
Line 75: The property name TabPicture(0) in UserTab is invalid.
Line 76: The property name Tab(0).ControlEnabled in UserTab is invalid.
Line 77: The property name Tab(0).Control(0) in UserTab is invalid.
Line 78: The property name Tab(0).Control(0).Enabled in UserTab is invalid.
Line 79: The property name Tab(0).ControlCount in UserTab is invalid.
Line 80: The property name TabCaption(1) in UserTab is invalid.
Line 81: The property name TabPicture(1) in UserTab is invalid.
Line 82: The property name Tab(1).ControlEnabled in UserTab is invalid.
Line 83: The property name Tab(1).Control(0) in UserTab is invalid.
Line 84: The property name Tab(1).Control(0).Enabled in UserTab is invalid.
Line 85: The property name Tab(1).Control(1) in UserTab is invalid.
Line 86: The property name Tab(1).Control(1).Enabled in UserTab is invalid.
Line 87: The property name Tab(1).ControlCount in UserTab is invalid.
Line 94: The property name _ExtentX in RightsTab is invalid.
Line 95: The property name _ExtentY in RightsTab is invalid.
Line 96: The property name _Version in RightsTab is invalid.
Line 97: The property name Tabs in RightsTab is invalid.
Line 98: The property name TabsPerRow in RightsTab is invalid.
Line 99: The property name TabHeight in RightsTab is invalid.
Line 109: The property name TabCaption(0) in RightsTab is invalid.
Line 110: The property name TabPicture(0) in RightsTab is invalid.
Line 111: The property name Tab(0).ControlEnabled in RightsTab is invalid.
Line 112: The property name Tab(0).Control(0) in RightsTab is invalid.
Line 113: The property name Tab(0).Control(0).Enabled in RightsTab is invalid.
Line 114: The property name Tab(0).Control(1) in RightsTab is invalid.
Line 115: The property name Tab(0).Control(1).Enabled in RightsTab is invalid.
Line 116: The property name Tab(0).Control(2) in RightsTab is invalid.
Line 117: The property name Tab(0).Control(2).Enabled in RightsTab is invalid.
Line 118: The property name Tab(0).ControlCount in RightsTab is invalid.
Line 119: The property name TabCaption(1) in RightsTab is invalid.
Line 120: The property name TabPicture(1) in RightsTab is invalid.
Line 121: The property name Tab(1).ControlEnabled in RightsTab is invalid.
Line 122: The property name Tab(1).Control(0) in RightsTab is invalid.
Line 123: The property name Tab(1).Control(0).Enabled in RightsTab is invalid.
Line 124: The property name Tab(1).Control(1) in RightsTab is invalid.
Line 125: The property name Tab(1).Control(1).Enabled in RightsTab is invalid.
Line 126: The property name Tab(1).Control(2) in RightsTab is invalid.
Line 127: The property name Tab(1).Control(2).Enabled in RightsTab is invalid.
Line 128: The property name Tab(1).Control(3) in RightsTab is invalid.
Line 129: The property name Tab(1).Control(3).Enabled in RightsTab is invalid.
Line 130: The property name Tab(1).Control(4) in RightsTab is invalid.
Line 131: The property name Tab(1).Control(4).Enabled in RightsTab is invalid.
Line 132: The property name Tab(1).Control(5) in RightsTab is invalid.
Line 133: The property name Tab(1).Control(5).Enabled in RightsTab is invalid.
Line 134: The property name Tab(1).Control(6) in RightsTab is invalid.
Line 135: The property name Tab(1).Control(6).Enabled in RightsTab is invalid.
Line 136: The property name Tab(1).Control(7) in RightsTab is invalid.
Line 137: The property name Tab(1).Control(7).Enabled in RightsTab is invalid.
Line 138: The property name Tab(1).Control(8) in RightsTab is invalid.
Line 139: The property name Tab(1).Control(8).Enabled in RightsTab is invalid.
Line 140: The property name Tab(1).Control(9) in RightsTab is invalid.
Line 141: The property name Tab(1).Control(9).Enabled in RightsTab is invalid.
Line 142: The property name Tab(1).Control(10) in RightsTab is invalid.
Line 143: The property name Tab(1).Control(10).Enabled in RightsTab is invalid.
Line 144: The property name Tab(1).Control(11) in RightsTab is invalid.
Line 145: The property name Tab(1).Control(11).Enabled in RightsTab is invalid.
Line 146: The property name Tab(1).ControlCount in RightsTab is invalid.
Line 198: The property name _ExtentX in MSF1 is invalid.
Line 199: The property name _ExtentY in MSF1 is invalid.
Line 200: The property name _Version in MSF1 is invalid.
Line 201: The property name Rows in MSF1 is invalid.
Line 202: The property name Cols in MSF1 is invalid.
Line 203: The property name FixedCols in MSF1 is invalid.
Line 204: The property name AllowBigSelection in MSF1 is invalid.
Line 205: The property name TextStyle in MSF1 is invalid.
Line 206: The property name HighLight in MSF1 is invalid.
Line 207: The property name ScrollBars in MSF1 is invalid.
Line 706: The property name _ExtentX in ListGrid is invalid.
Line 707: The property name _ExtentY in ListGrid is invalid.
Line 708: The property name _Version in ListGrid is invalid.
Line 709: The property name Rows in ListGrid is invalid.
Line 710: The property name FixedCols in ListGrid is invalid.
Line 711: The property name HighLight in ListGrid is invalid.
Line 712: The property name ScrollBars in ListGrid is invalid.
Line 713: The property name SelectionMode in ListGrid is invalid.
